#
# A fatal error has been detected by the Java Runtime Environment:
#
#  EXCEPTION_ACCESS_VIOLATION (0xc0000005) at pc=0x00007ffd7de84bcf, pid=15508, tid=10496
#
# JRE version: Java(TM) SE Runtime Environment (9.0+11) (build 9.0.4+11)
# Java VM: Java HotSpot(TM) 64-Bit Server VM (9.0.4+11, mixed mode, tiered, compressed oops, g1 gc, windows-amd64)
# Problematic frame:
# C  0x00007ffd7de84bcf
#
# No core dump will be written. Minidumps are not enabled by default on client versions of Windows
#
# If you would like to submit a bug report, please visit:
#   http://bugreport.java.com/bugreport/crash.jsp
# The crash happened outside the Java Virtual Machine in native code.
# See problematic frame for where to report the bug.
#

---------------  S U M M A R Y ------------

Command Line: -Dsun.java2d.pmoffscreen=false -Dsun.java2d.xrender=false -Dsun.java2d.d3d=false -Dsun.awt.nopixfmt=true -Dsun.java2d.dpiaware=true -Dsun.java2d.uiScale.enabled=false -Xverify:none -Dswing.aatext=true -XX:-UsePerfData -Djdk.map.althashing.threshold=512 -XX:StringTableSize=4072 --add-opens=java.base/java.nio=ALL-UNNAMED --add-opens=java.desktop/sun.swing=ALL-UNNAMED --add-opens=java.desktop/javax.swing=ALL-UNNAMED --add-opens=java.desktop/javax.swing.tree=ALL-UNNAMED --add-opens=java.desktop/javax.swing.plaf.basic=ALL-UNNAMED --add-opens=java.desktop/javax.swing.plaf.synth=ALL-UNNAMED --add-opens=java.desktop/com.sun.awt=ALL-UNNAMED -XX:NewSize=60m -XX:MaxNewSize=60m -Xms128m -Xmx3072m -Xss5m 

Host: Intel(R) Core(TM) i7-7700HQ CPU @ 2.80GHz, 8 cores, 7G,  Windows 10 , 64 bit Build 18362 (10.0.18362.959)
Time: Fri Jul 31 18:58:48 2020 ?D1¨²¡À¨º¡Á?¨º¡À?? elapsed time: 2091 seconds (0d 0h 34m 51s)

---------------  T H R E A D  ---------------

Current thread (0x000001a52972d800):  JavaThread "AWT-EventQueue-1" [_thread_in_native, id=10496, stack(0x0000005b65a00000,0x0000005b65f00000)]

Stack: [0x0000005b65a00000,0x0000005b65f00000],  sp=0x0000005b65efb0b0,  free space=5100k
Native frames: (J=compiled Java code, j=interpreted, Vv=VM code, C=native code)

Java frames: (J=compiled Java code, j=interpreted, Vv=VM code)
j  ui.frmwork.tcltasksi.abortNow()V+0
j  ui.bm.b(Ljava/awt/Component;)Z+72
j  ui.ci.windowClosing(Ljava/awt/event/WindowEvent;)V+79
j  java.awt.AWTEventMulticaster.windowClosing(Ljava/awt/event/WindowEvent;)V+21 java.desktop@9.0.4
j  java.awt.AWTEventMulticaster.windowClosing(Ljava/awt/event/WindowEvent;)V+8 java.desktop@9.0.4
j  java.awt.AWTEventMulticaster.windowClosing(Ljava/awt/event/WindowEvent;)V+8 java.desktop@9.0.4
j  java.awt.AWTEventMulticaster.windowClosing(Ljava/awt/event/WindowEvent;)V+8 java.desktop@9.0.4
j  java.awt.Window.processWindowEvent(Ljava/awt/event/WindowEvent;)V+68 java.desktop@9.0.4
j  javax.swing.JFrame.processWindowEvent(Ljava/awt/event/WindowEvent;)V+2 java.desktop@9.0.4
J 19253 c1 java.awt.Window.processEvent(Ljava/awt/AWTEvent;)V java.desktop@9.0.4 (101 bytes) @ 0x000001a511739c54 [0x000001a511739560+0x00000000000006f4]
J 20204 c2 java.awt.Component.dispatchEventImpl(Ljava/awt/AWTEvent;)V java.desktop@9.0.4 (739 bytes) @ 0x000001a516d7587c [0x000001a516d750c0+0x00000000000007bc]
J 18718 c2 java.awt.Container.dispatchEventImpl(Ljava/awt/AWTEvent;)V java.desktop@9.0.4 (129 bytes) @ 0x000001a5178d9a1c [0x000001a5178d99c0+0x000000000000005c]
J 19088 c2 java.awt.Window.dispatchEventImpl(Ljava/awt/AWTEvent;)V java.desktop@9.0.4 (23 bytes) @ 0x000001a51794c58c [0x000001a51794c540+0x000000000000004c]
J 12580 c2 java.awt.EventQueue$3.run()Ljava/lang/Object; java.desktop@9.0.4 (5 bytes) @ 0x000001a517070234 [0x000001a51706fc00+0x0000000000000634]
v  ~StubRoutines::call_stub
J 2910  java.security.AccessController.doPrivileged(Ljava/security/PrivilegedAction;Ljava/security/AccessControlContext;)Ljava/lang/Object; java.base@9.0.4 (0 bytes) @ 0x000001a516770346 [0x000001a5167702e0+0x0000000000000066]
J 14863 c2 java.awt.EventQueue$4.run()Ljava/lang/Object; java.desktop@9.0.4 (5 bytes) @ 0x000001a516e88340 [0x000001a516e880e0+0x0000000000000260]
v  ~StubRoutines::call_stub
J 2910  java.security.AccessController.doPrivileged(Ljava/security/PrivilegedAction;Ljava/security/AccessControlContext;)Ljava/lang/Object; java.base@9.0.4 (0 bytes) @ 0x000001a516770346 [0x000001a5167702e0+0x0000000000000066]
J 12560 c2 ui.frmwork.b.d.dispatchEvent(Ljava/awt/AWTEvent;)V (34 bytes) @ 0x000001a51705809c [0x000001a517057b20+0x000000000000057c]
J 18792 c2 java.awt.EventDispatchThread.pumpOneEventForFilters(I)V java.desktop@9.0.4 (218 bytes) @ 0x000001a5178fe608 [0x000001a5178fe280+0x0000000000000388]
J 18025% c2 java.awt.EventDispatchThread.pumpEventsForFilter(ILjava/awt/Conditional;Ljava/awt/EventFilter;)V java.desktop@9.0.4 (47 bytes) @ 0x000001a5177c92d8 [0x000001a5177c91c0+0x0000000000000118]
j  java.awt.EventDispatchThread.pumpEventsForHierarchy(ILjava/awt/Conditional;Ljava/awt/Component;)V+11 java.desktop@9.0.4
j  java.awt.EventDispatchThread.pumpEvents(ILjava/awt/Conditional;)V+4 java.desktop@9.0.4
j  java.awt.EventDispatchThread.pumpEvents(Ljava/awt/Conditional;)V+3 java.desktop@9.0.4
j  java.awt.EventDispatchThread.run()V+9 java.desktop@9.0.4
v  ~StubRoutines::call_stub

siginfo: EXCEPTION_ACCESS_VIOLATION (0xc0000005), reading address 0x0000000000000060


Register to memory mapping:

RIP=0x00007ffd7de84bcf is an unknown value
RAX=0x00007ffd7e2704b0 is an unknown value
RBX=0x000001a57d4e1230 is an unknown value
RCX=0x0000000000000006 is an unknown value
RDX=0x00007ffd7e2704b0 is an unknown value
RSP=0x0000005b65efb0b0 is pointing into the stack for thread: 0x000001a52972d800
RBP=0x0000000000000000 is an unknown value
RSI=0x0000000000000001 is an unknown value
RDI=0x000000000000000c is an unknown value
R8 =0x0000000000000000 is an unknown value
R9 =0x0000000000000004 is an unknown value
R10=0x0000000000008000 is an unknown value
R11=0x0000005b65efafa0 is pointing into the stack for thread: 0x000001a52972d800
R12=0x00007ffd7de99248 is an unknown value
R13={method} {0x000001a52a1e7e10} 'abortNow' '()V' in 'ui/frmwork/tcltasksi'
R14=0x0000005b65efb2c8 is pointing into the stack for thread: 0x000001a52972d800
R15=0x000001a57c9920b0 is an unknown value


Registers:
RAX=0x00007ffd7e2704b0, RBX=0x000001a57d4e1230, RCX=0x0000000000000006, RDX=0x00007ffd7e2704b0
RSP=0x0000005b65efb0b0, RBP=0x0000000000000000, RSI=0x0000000000000001, RDI=0x000000000000000c
R8 =0x0000000000000000, R9 =0x0000000000000004, R10=0x0000000000008000, R11=0x0000005b65efafa0
R12=0x00007ffd7de99248, R13=0x000001a52a1e7e08, R14=0x0000005b65efb2c8, R15=0x000001a57c9920b0
RIP=0x00007ffd7de84bcf, EFLAGS=0x0000000000010206

Top of Stack: (sp=0x0000005b65efb0b0)
0x0000005b65efb0b0:   00007ffd7db444c0 0000000000000001
0x0000005b65efb0c0:   0000000000000000 00007ffd7de82662
0x0000005b65efb0d0:   fffffffffffffffe 0000000000000008
0x0000005b65efb0e0:   0000005b65efb2c8 000001a53f1912e0
0x0000005b65efb0f0:   0000000000000001 00007ffd7de82682
0x0000005b65efb100:   000001a57d4e1230 000001a52fc31530
0x0000005b65efb110:   0000000000000000 000001a57d4e1230
0x0000005b65efb120:   fffffffffffffffe 0000c99e25eb068e
0x0000005b65efb130:   000001a53f1912e0 00007ffd7de82c89
0x0000005b65efb140:   000001a57d4e1230 00007ffd7de99248
0x0000005b65efb150:   000001a57278d990 00007ffde567fb91
0x0000005b65efb160:   fffffffffffffffe 0000005b65efb2c8
0x0000005b65efb170:   000001a53f1912e0 00007ffd7de82da4
0x0000005b65efb180:   000001a57d4e1230 000001a57d4e1230
0x0000005b65efb190:   0000000000000001 000001a57acb0000
0x0000005b65efb1a0:   fffffffffffffffe 0000000000000000 

Instructions: (pc=0x00007ffd7de84bcf)
0x00007ffd7de84baf:   e8 5c b7 fa ff 48 8b d0 48 8b cb 48 c1 e9 03 48
0x00007ffd7de84bbf:   03 cb 48 23 48 30 4c 8b 40 18 48 8b f9 48 03 ff
0x00007ffd7de84bcf:   49 8b 3c f8 48 03 c9 4c 8d 0c cd 08 00 00 00 4d
0x00007ffd7de84bdf:   8b 14 c8 4c 3b 52 08 75 06 48 8b 42 08 eb 07 4b 



---------------  P R O C E S S  ---------------

Java Threads: ( => current thread )
  0x000001a53b9c8000 JavaThread "Run All" [_thread_in_native, id=1228, stack(0x0000005b6e700000,0x0000005b6ec00000)]
  0x000001a582070000 JavaThread "Thread-2330" [_thread_in_native, id=13556, stack(0x0000005b6be00000,0x0000005b6bf00000)]
  0x000001a58206d000 JavaThread "Thread-2277" [_thread_in_native, id=5256, stack(0x0000005b6be00000,0x0000005b6bf00000)]
  0x000001a58206d800 JavaThread "Monitor File Timestamp Swing Worker" [_thread_blocked, id=13652, stack(0x0000005b6dd00000,0x0000005b6e200000)]
  0x000001a58206b800 JavaThread "Timer-4" [_thread_blocked, id=15044, stack(0x0000005b6ce00000,0x0000005b6d300000)]
  0x000001a58206c000 JavaThread "Monitor File Timestamp Swing Worker" [_thread_blocked, id=16236, stack(0x0000005b6d800000,0x0000005b6dd00000)]
  0x000001a582064800 JavaThread "Timer-3" [_thread_blocked, id=8712, stack(0x0000005b6d300000,0x0000005b6d800000)]
  0x000001a582064000 JavaThread "Update Runs Swing Worker" [_thread_blocked, id=10420, stack(0x0000005b6c900000,0x0000005b6ce00000)]
  0x000001a58206a800 JavaThread "Refresh Filesets Swing Worker" [_thread_blocked, id=7716, stack(0x0000005b6c400000,0x0000005b6c900000)]
  0x000001a53b9c6800 JavaThread "Swing-Shell" daemon [_thread_blocked, id=8344, stack(0x0000005b6b800000,0x0000005b6bd00000)]
  0x000001a53b9c3000 JavaThread "Thread-1500" [_thread_in_native, id=5160, stack(0x0000005b5e000000,0x0000005b5e100000)]
  0x000001a53b9c0800 JavaThread "SyntheticaAnimation 50" daemon [_thread_blocked, id=14656, stack(0x0000005b6a400000,0x0000005b6a900000)]
  0x000001a53b9c0000 JavaThread "Monitor File Timestamp Swing Worker" [_thread_blocked, id=14620, stack(0x0000005b6b300000,0x0000005b6b800000)]
  0x000001a53b9c4800 JavaThread "Timer-1" [_thread_blocked, id=13296, stack(0x0000005b6ae00000,0x0000005b6b300000)]
  0x000001a53b9c6000 JavaThread "Image Animator 3" daemon [_thread_blocked, id=8756, stack(0x0000005b69f00000,0x0000005b6a400000)]
  0x000001a537ee6000 JavaThread "Monitor File Timestamp Swing Worker" [_thread_blocked, id=13924, stack(0x0000005b69900000,0x0000005b69e00000)]
  0x000001a537ee3000 JavaThread "Timer-0" [_thread_blocked, id=1160, stack(0x0000005b69400000,0x0000005b69900000)]
  0x000001a537ee5000 JavaThread "SyntheticaAnimation 50" daemon [_thread_blocked, id=13396, stack(0x0000005b68f00000,0x0000005b69400000)]
  0x000001a537ed9000 JavaThread "hw_ila_monitor" [_thread_blocked, id=5616, stack(0x0000005b68a00000,0x0000005b68f00000)]
  0x000001a537ee0000 JavaThread "Update Runs Swing Worker" [_thread_blocked, id=212, stack(0x0000005b65f00000,0x0000005b66400000)]
  0x000001a537ede800 JavaThread "Refresh Filesets Swing Worker" [_thread_blocked, id=2624, stack(0x0000005b64b00000,0x0000005b65000000)]
  0x000001a504778000 JavaThread "SyntheticaAnimation 70" daemon [_thread_blocked, id=15352, stack(0x0000005b68500000,0x0000005b68a00000)]
  0x000001a504771800 JavaThread "SyntheticaAnimation 25" daemon [_thread_blocked, id=11000, stack(0x0000005b67600000,0x0000005b67b00000)]
  0x000001a504773800 JavaThread "SyntheticaAnimation 50" daemon [_thread_blocked, id=14008, stack(0x0000005b67100000,0x0000005b67600000)]
  0x000001a504775000 JavaThread "Monitor HEventQueue" [_thread_blocked, id=10364, stack(0x0000005b66c00000,0x0000005b67100000)]
  0x000001a504772000 JavaThread "Batik CleanerThread" daemon [_thread_blocked, id=15704, stack(0x0000005b66400000,0x0000005b66900000)]
  0x000001a504773000 JavaThread "SyntheticaCleanerThread" daemon [_thread_blocked, id=4968, stack(0x0000005b65000000,0x0000005b65500000)]
=>0x000001a52972d800 JavaThread "AWT-EventQueue-1" [_thread_in_native, id=10496, stack(0x0000005b65a00000,0x0000005b65f00000)]
  0x000001a528f30800 JavaThread "Process Messages" [_thread_blocked, id=7120, stack(0x0000005b65500000,0x0000005b65a00000)]
  0x000001a528a0a800 JavaThread "Thread-1" [_thread_in_native, id=12644, stack(0x0000005b5e300000,0x0000005b5f700000)]
  0x000001a506855800 JavaThread "TimerQueue" daemon [_thread_blocked, id=12536, stack(0x0000005b64600000,0x0000005b64b00000)]
  0x000001a5069e4000 JavaThread "AWT-Windows" daemon [_thread_in_native, id=8956, stack(0x0000005b64100000,0x0000005b64600000)]
  0x000001a50686a800 JavaThread "AWT-Shutdown" [_thread_blocked, id=10260, stack(0x0000005b63c00000,0x0000005b64100000)]
  0x000001a5066ff000 JavaThread "Java2D Disposer" daemon [_thread_blocked, id=15324, stack(0x0000005b63700000,0x0000005b63c00000)]
  0x000001a506383000 JavaThread "Service Thread" daemon [_thread_blocked, id=3052, stack(0x0000005b63100000,0x0000005b63600000)]
  0x000001a504783800 JavaThread "Common-Cleaner" daemon [_thread_blocked, id=2872, stack(0x0000005b62c00000,0x0000005b63100000)]
  0x000001a504776000 JavaThread "Sweeper thread" daemon [_thread_blocked, id=15684, stack(0x0000005b62700000,0x0000005b62c00000)]
  0x000001a504770800 JavaThread "C1 CompilerThread3" daemon [_thread_blocked, id=3476, stack(0x0000005b62600000,0x0000005b62700000)]
  0x000001a504770000 JavaThread "C2 CompilerThread2" daemon [_thread_blocked, id=11624, stack(0x0000005b62500000,0x0000005b62600000)]
  0x000001a50476f000 JavaThread "C2 CompilerThread1" daemon [_thread_blocked, id=14476, stack(0x0000005b62400000,0x0000005b62500000)]
  0x000001a504f72800 JavaThread "C2 CompilerThread0" daemon [_thread_blocked, id=9432, stack(0x0000005b62300000,0x0000005b62400000)]
  0x000001a504f70800 JavaThread "Attach Listener" daemon [_thread_blocked, id=8132, stack(0x0000005b61e00000,0x0000005b62300000)]
  0x000001a504c72000 JavaThread "Signal Dispatcher" daemon [_thread_blocked, id=1400, stack(0x0000005b61900000,0x0000005b61e00000)]
  0x000001a504956800 JavaThread "Finalizer" daemon [_thread_blocked, id=2036, stack(0x0000005b61400000,0x0000005b61900000)]
  0x000001a50449a800 JavaThread "Reference Handler" daemon [_thread_blocked, id=7260, stack(0x0000005b60f00000,0x0000005b61400000)]
  0x000001a507939800 JavaThread "main" [_thread_blocked, id=6260, stack(0x0000005b5e200000,0x0000005b5e300000)]

Other Threads:
  0x000001a504499000 VMThread "VM Thread" [stack: 0x0000005b60e00000,0x0000005b60f00000] [id=7308]
  0x000001a506384000 WatcherThread [stack: 0x0000005b63600000,0x0000005b63700000] [id=15452]
  0x000001a503f96000 GCTaskThread "GC Thread#0" [stack: 0x0000005b5fa00000,0x0000005b5fb00000] [id=1920]
  0x000001a5074e0800 GCTaskThread "GC Thread#1" [stack: 0x0000005b5fb00000,0x0000005b5fc00000] [id=10944]
  0x000001a5074e1000 GCTaskThread "GC Thread#2" [stack: 0x0000005b5fc00000,0x0000005b5fd00000] [id=3324]
  0x000001a503ed4000 GCTaskThread "GC Thread#3" [stack: 0x0000005b5fd00000,0x0000005b5fe00000] [id=9156]
  0x000001a507b7d800 GCTaskThread "GC Thread#4" [stack: 0x0000005b5fe00000,0x0000005b5ff00000] [id=15164]
  0x000001a502828800 GCTaskThread "GC Thread#5" [stack: 0x0000005b5ff00000,0x0000005b60000000] [id=9060]
  0x000001a502a86800 GCTaskThread "GC Thread#6" [stack: 0x0000005b60000000,0x0000005b60100000] [id=7952]
  0x000001a502aa6000 GCTaskThread "GC Thread#7" [stack: 0x0000005b60100000,0x0000005b60200000] [id=14952]
  0x000001a504877800 ConcurrentGCThread "G1 Main Marker" [stack: 0x0000005b60b00000,0x0000005b60c00000] [id=15576]
  0x000001a504878000 ConcurrentGCThread "G1 Marker#0" [stack: 0x0000005b60c00000,0x0000005b60d00000] [id=15264]
  0x000001a504878800 ConcurrentGCThread "G1 Marker#1" [stack: 0x0000005b60d00000,0x0000005b60e00000] [id=12364]
  0x000001a504bd0800 ConcurrentGCThread "G1 Refine#0" [stack: 0x0000005b60900000,0x0000005b60a00000] [id=13628]
  0x000001a504bd3000 ConcurrentGCThread "G1 Refine#1" [stack: 0x0000005b60800000,0x0000005b60900000] [id=15936]
  0x000001a504bd7000 ConcurrentGCThread "G1 Refine#2" [stack: 0x0000005b60700000,0x0000005b60800000] [id=4976]
  0x000001a503efe800 ConcurrentGCThread "G1 Refine#3" [stack: 0x0000005b60600000,0x0000005b60700000] [id=12360]
  0x000001a5051c9800 ConcurrentGCThread "G1 Refine#4" [stack: 0x0000005b60500000,0x0000005b60600000] [id=16276]
  0x000001a5051c8800 ConcurrentGCThread "G1 Refine#5" [stack: 0x0000005b60400000,0x0000005b60500000] [id=7468]
  0x000001a5075f1000 ConcurrentGCThread "G1 Refine#6" [stack: 0x0000005b60300000,0x0000005b60400000] [id=10480]
  0x000001a5075f0800 ConcurrentGCThread "G1 Refine#7" [stack: 0x0000005b60200000,0x0000005b60300000] [id=7576]
  0x000001a505c79000 ConcurrentGCThread "G1 Young RemSet Sampling" [stack: 0x0000005b60a00000,0x0000005b60b00000] [id=15148]

Threads with active compile tasks:

VM state:not at safepoint (normal execution)

VM Mutex/Monitor currently owned by a thread: None

Heap address: 0x0000000700000000, size: 3072 MB, Compressed Oops mode: Zero based, Oop shift amount: 3
Narrow klass base: 0x0000000000000000, Narrow klass shift: 3
Compressed class space size: 1073741824 Address: 0x00000007c0000000

Heap:
 garbage-first heap   total 208896K, used 135749K [0x0000000700000000, 0x0000000700100660, 0x00000007c0000000)
  region size 1024K, 46 young (47104K), 1 survivors (1024K)
 Metaspace       used 87633K, capacity 94482K, committed 94720K, reserved 1130496K
  class space    used 12104K, capacity 13265K, committed 13312K, reserved 1048576K
Heap Regions: E=young(eden), S=young(survivor), O=old, HS=humongous(starts), HC=humongous(continues), CS=collection set, F=free, A=archive, TS=gc time stamp, AC=allocation context, TAMS=top-at-mark-start (previous, next)
|   0|0x0000000700000000, 0x0000000700100000, 0x0000000700100000|100%|HS|  |TS  0|AC  0|TAMS 0x0000000700000000, 0x0000000700000000|
|   1|0x0000000700100000, 0x0000000700200000, 0x0000000700200000|100%|HS|  |TS  0|AC  0|TAMS 0x0000000700100000, 0x0000000700100000|
|   2|0x0000000700200000, 0x0000000700300000, 0x0000000700300000|100%|HC|  |TS  0|AC  0|TAMS 0x0000000700200000, 0x0000000700200000|
|   3|0x0000000700300000, 0x0000000700400000, 0x0000000700400000|100%|HS|  |TS  0|AC  0|TAMS 0x0000000700300000, 0x0000000700300000|
|   4|0x0000000700400000, 0x00000007004ffff0, 0x0000000700500000| 99%| O|  |TS  0|AC  0|TAMS 0x0000000700400000, 0x0000000700400000|
|   5|0x0000000700500000, 0x00000007005ffff8, 0x0000000700600000| 99%| O|  |TS  0|AC  0|TAMS 0x0000000700500000, 0x0000000700500000|
|   6|0x0000000700600000, 0x00000007006ffff8, 0x0000000700700000| 99%| O|  |TS  0|AC  0|TAMS 0x0000000700600000, 0x0000000700600000|
|   7|0x0000000700700000, 0x00000007007ffff8, 0x0000000700800000| 99%| O|  |TS  0|AC  0|TAMS 0x0000000700700000, 0x0000000700700000|
|   8|0x0000000700800000, 0x00000007008ffff0, 0x0000000700900000| 99%| O|  |TS  0|AC  0|TAMS 0x0000000700800000, 0x0000000700800000|
|   9|0x0000000700900000, 0x00000007009feb08, 0x0000000700a00000| 99%| O|  |TS  0|AC  0|TAMS 0x0000000700900000, 0x0000000700900000|
|  10|0x0000000700a00000, 0x0000000700ae2d30, 0x0000000700b00000| 88%| O|  |TS  0|AC  0|TAMS 0x0000000700a00000, 0x0000000700a00000|
|  11|0x0000000700b00000, 0x0000000700bffaf8, 0x0000000700c00000| 99%| O|  |TS  0|AC  0|TAMS 0x0000000700b00000, 0x0000000700b00000|
|  12|0x0000000700c00000, 0x0000000700cfffe8, 0x0000000700d00000| 99%| O|  |TS  0|AC  0|TAMS 0x0000000700c00000, 0x0000000700c00000|
|  13|0x0000000700d00000, 0x0000000700df55b0, 0x0000000700e00000| 95%| O|  |TS  0|AC  0|TAMS 0x0000000700d00000, 0x0000000700d00000|
|  14|0x0000000700e00000, 0x0000000700eff0c8, 0x0000000700f00000| 99%| O|  |TS  0|AC  0|TAMS 0x0000000700e00000, 0x0000000700e00000|
|  15|0x0000000700f00000, 0x0000000700fd2898, 0x0000000701000000| 82%| O|  |TS  0|AC  0|TAMS 0x0000000700f00000, 0x0000000700f00000|
|  16|0x0000000701000000, 0x00000007010ffff8, 0x0000000701100000| 99%| O|  |TS  0|AC  0|TAMS 0x0000000701000000, 0x0000000701000000|
|  17|0x0000000701100000, 0x00000007011fff88, 0x0000000701200000| 99%| O|  |TS  0|AC  0|TAMS 0x0000000701100000, 0x0000000701100000|
|  18|0x0000000701200000, 0x00000007012ffff0, 0x0000000701300000| 99%| O|  |TS  0|AC  0|TAMS 0x0000000701200000, 0x0000000701200000|
|  19|0x0000000701300000, 0x0000000701400000, 0x0000000701400000|100%| O|  |TS  0|AC  0|TAMS 0x0000000701300000, 0x0000000701300000|
|  20|0x0000000701400000, 0x00000007014ffff8, 0x0000000701500000| 99%| O|  |TS  0|AC  0|TAMS 0x0000000701400000, 0x0000000701400000|
|  21|0x0000000701500000, 0x00000007015fff98, 0x0000000701600000| 99%| O|  |TS  0|AC  0|TAMS 0x0000000701500000, 0x0000000701500000|
|  22|0x0000000701600000, 0x00000007016fffd8, 0x0000000701700000| 99%| O|  |TS  0|AC  0|TAMS 0x0000000701600000, 0x0000000701600000|
|  23|0x0000000701700000, 0x00000007017fff80, 0x0000000701800000| 99%| O|  |TS  0|AC  0|TAMS 0x0000000701700000, 0x0000000701700000|
|  24|0x0000000701800000, 0x00000007018fffd0, 0x0000000701900000| 99%| O|  |TS  0|AC  0|TAMS 0x0000000701800000, 0x0000000701800000|
|  25|0x0000000701900000, 0x00000007019ffff8, 0x0000000701a00000| 99%| O|  |TS  0|AC  0|TAMS 0x0000000701900000, 0x0000000701900000|
|  26|0x0000000701a00000, 0x0000000701afffe0, 0x0000000701b00000| 99%| O|  |TS  0|AC  0|TAMS 0x0000000701a00000, 0x0000000701a00000|
|  27|0x0000000701b00000, 0x0000000701c00000, 0x0000000701c00000|100%| O|  |TS  0|AC  0|TAMS 0x0000000701b00000, 0x0000000701b00000|
|  28|0x0000000701c00000, 0x0000000701cfffc8, 0x0000000701d00000| 99%| O|  |TS  0|AC  0|TAMS 0x0000000701c00000, 0x0000000701c00000|
|  29|0x0000000701d00000, 0x0000000701dffff0, 0x0000000701e00000| 99%| O|  |TS  0|AC  0|TAMS 0x0000000701d00000, 0x0000000701d00000|
|  30|0x0000000701e00000, 0x0000000701effff8, 0x0000000701f00000| 99%| O|  |TS  0|AC  0|TAMS 0x0000000701e00000, 0x0000000701e00000|
|  31|0x0000000701f00000, 0x0000000702000000, 0x0000000702000000|100%| O|  |TS  0|AC  0|TAMS 0x0000000701f00000, 0x0000000701f00000|
|  32|0x0000000702000000, 0x00000007020fc4c0, 0x0000000702100000| 98%| O|  |TS  0|AC  0|TAMS 0x0000000702000000, 0x0000000702000000|
|  33|0x0000000702100000, 0x00000007021fc208, 0x0000000702200000| 98%| O|  |TS  0|AC  0|TAMS 0x0000000702100000, 0x0000000702100000|
|  34|0x0000000702200000, 0x0000000702300000, 0x0000000702300000|100%| O|  |TS  0|AC  0|TAMS 0x0000000702200000, 0x0000000702200000|
|  35|0x0000000702300000, 0x00000007023ffff0, 0x0000000702400000| 99%| O|  |TS  0|AC  0|TAMS 0x0000000702300000, 0x0000000702300000|
|  36|0x0000000702400000, 0x0000000702500000, 0x0000000702500000|100%|HS|  |TS  0|AC  0|TAMS 0x0000000702400000, 0x0000000702400000|
|  37|0x0000000702500000, 0x0000000702600000, 0x0000000702600000|100%|HC|  |TS  0|AC  0|TAMS 0x0000000702500000, 0x0000000702500000|
|  38|0x0000000702600000, 0x0000000702700000, 0x0000000702700000|100%|HC|  |TS  0|AC  0|TAMS 0x0000000702600000, 0x0000000702600000|
|  39|0x0000000702700000, 0x0000000702800000, 0x0000000702800000|100%|HC|  |TS  0|AC  0|TAMS 0x0000000702700000, 0x0000000702700000|
|  40|0x0000000702800000, 0x0000000702900000, 0x0000000702900000|100%|HC|  |TS  0|AC  0|TAMS 0x0000000702800000, 0x0000000702800000|
|  41|0x0000000702900000, 0x0000000702a00000, 0x0000000702a00000|100%|HC|  |TS  0|AC  0|TAMS 0x0000000702900000, 0x0000000702900000|
|  42|0x0000000702a00000, 0x0000000702b00000, 0x0000000702b00000|100%|HC|  |TS  0|AC  0|TAMS 0x0000000702a00000, 0x0000000702a00000|
|  43|0x0000000702b00000, 0x0000000702c00000, 0x0000000702c00000|100%|HC|  |TS  0|AC  0|TAMS 0x0000000702b00000, 0x0000000702b00000|
|  44|0x0000000702c00000, 0x0000000702cffff0, 0x0000000702d00000| 99%| O|  |TS  0|AC  0|TAMS 0x0000000702c00000, 0x0000000702c00000|
|  45|0x0000000702d00000, 0x0000000702e00000, 0x0000000702e00000|100%| O|  |TS  0|AC  0|TAMS 0x0000000702d00000, 0x0000000702d00000|
|  46|0x0000000702e00000, 0x0000000702efffc0, 0x0000000702f00000| 99%| O|  |TS  0|AC  0|TAMS 0x0000000702e00000, 0x0000000702e00000|
|  47|0x0000000702f00000, 0x0000000702fffff8, 0x0000000703000000| 99%| O|  |TS  0|AC  0|TAMS 0x0000000702f00000, 0x0000000702f00000|
|  48|0x0000000703000000, 0x00000007030ffff0, 0x0000000703100000| 99%| O|  |TS  0|AC  0|TAMS 0x0000000703000000, 0x0000000703000000|
|  49|0x0000000703100000, 0x00000007031ffff8, 0x0000000703200000| 99%| O|  |TS  0|AC  0|TAMS 0x0000000703100000, 0x0000000703100000|
|  50|0x0000000703200000, 0x00000007032fffc0, 0x0000000703300000| 99%| O|  |TS  0|AC  0|TAMS 0x0000000703200000, 0x0000000703200000|
|  51|0x0000000703300000, 0x0000000703400000, 0x0000000703400000|100%| O|  |TS  0|AC  0|TAMS 0x0000000703300000, 0x0000000703300000|
|  52|0x0000000703400000, 0x00000007034fffe0, 0x0000000703500000| 99%| O|  |TS  0|AC  0|TAMS 0x0000000703400000, 0x0000000703400000|
|  53|0x0000000703500000, 0x00000007035fffd8, 0x0000000703600000| 99%| O|  |TS  0|AC  0|TAMS 0x0000000703500000, 0x0000000703500000|
|  54|0x0000000703600000, 0x00000007036fffe8, 0x0000000703700000| 99%| O|  |TS  0|AC  0|TAMS 0x0000000703600000, 0x0000000703600000|
|  55|0x0000000703700000, 0x00000007037fffe8, 0x0000000703800000| 99%| O|  |TS  0|AC  0|TAMS 0x0000000703700000, 0x0000000703700000|
|  56|0x0000000703800000, 0x00000007038ff790, 0x0000000703900000| 99%| O|  |TS  0|AC  0|TAMS 0x0000000703800000, 0x0000000703800000|
|  57|0x0000000703900000, 0x00000007039fffd8, 0x0000000703a00000| 99%| O|  |TS  0|AC  0|TAMS 0x0000000703900000, 0x0000000703900000|
|  58|0x0000000703a00000, 0x0000000703afffe8, 0x0000000703b00000| 99%| O|  |TS  0|AC  0|TAMS 0x0000000703a00000, 0x0000000703a00000|
|  59|0x0000000703b00000, 0x0000000703bfffe8, 0x0000000703c00000| 99%| O|  |TS  0|AC  0|TAMS 0x0000000703b00000, 0x0000000703b00000|
|  60|0x0000000703c00000, 0x0000000703ce7f50, 0x0000000703d00000| 90%| O|  |TS  0|AC  0|TAMS 0x0000000703c00000, 0x0000000703c00000|
|  61|0x0000000703d00000, 0x0000000703dffff8, 0x0000000703e00000| 99%| O|  |TS  0|AC  0|TAMS 0x0000000703d00000, 0x0000000703d00000|
|  62|0x0000000703e00000, 0x0000000703effff8, 0x0000000703f00000| 99%| O|  |TS  0|AC  0|TAMS 0x0000000703e00000, 0x0000000703e00000|
|  63|0x0000000703f00000, 0x0000000703ffffc8, 0x0000000704000000| 99%| O|  |TS  0|AC  0|TAMS 0x0000000703f00000, 0x0000000703f00000|
|  64|0x0000000704000000, 0x00000007040fffd0, 0x0000000704100000| 99%| O|  |TS  0|AC  0|TAMS 0x0000000704000000, 0x0000000704000000|
|  65|0x0000000704100000, 0x00000007041ffef0, 0x0000000704200000| 99%| O|  |TS  0|AC  0|TAMS 0x0000000704100000, 0x0000000704100000|
|  66|0x0000000704200000, 0x00000007042ffee8, 0x0000000704300000| 99%| O|  |TS  0|AC  0|TAMS 0x0000000704200000, 0x0000000704200000|
|  67|0x0000000704300000, 0x00000007043ffec8, 0x0000000704400000| 99%| O|  |TS  0|AC  0|TAMS 0x0000000704300000, 0x0000000704300000|
|  68|0x0000000704400000, 0x00000007044ecc20, 0x0000000704500000| 92%| O|  |TS  0|AC  0|TAMS 0x0000000704400000, 0x0000000704400000|
|  69|0x0000000704500000, 0x0000000704600000, 0x0000000704600000|100%| O|  |TS  0|AC  0|TAMS 0x0000000704500000, 0x0000000704500000|
|  70|0x0000000704600000, 0x00000007046ffec8, 0x0000000704700000| 99%| O|  |TS  0|AC  0|TAMS 0x0000000704600000, 0x0000000704600000|
|  71|0x0000000704700000, 0x00000007047eccc0, 0x0000000704800000| 92%| O|  |TS  0|AC  0|TAMS 0x0000000704700000, 0x0000000704700000|
|  72|0x0000000704800000, 0x00000007048ffff0, 0x0000000704900000| 99%| O|  |TS  0|AC  0|TAMS 0x0000000704800000, 0x0000000704800000|
|  73|0x0000000704900000, 0x00000007049fffe8, 0x0000000704a00000| 99%| O|  |TS  0|AC  0|TAMS 0x0000000704900000, 0x0000000704900000|
|  74|0x0000000704a00000, 0x0000000704afffe8, 0x0000000704b00000| 99%| O|  |TS  0|AC  0|TAMS 0x0000000704a00000, 0x0000000704a00000|
|  75|0x0000000704b00000, 0x0000000704c00000, 0x0000000704c00000|100%| O|  |TS  0|AC  0|TAMS 0x0000000704b00000, 0x0000000704b00000|
|  76|0x0000000704c00000, 0x0000000704cffff8, 0x0000000704d00000| 99%| O|  |TS  0|AC  0|TAMS 0x0000000704c00000, 0x0000000704c00000|
|  77|0x0000000704d00000, 0x0000000704dfffe8, 0x0000000704e00000| 99%| O|  |TS  0|AC  0|TAMS 0x0000000704d00000, 0x0000000704d00000|
|  78|0x0000000704e00000, 0x0000000704efffd8, 0x0000000704f00000| 99%| O|  |TS  0|AC  0|TAMS 0x0000000704e00000, 0x0000000704e00000|
|  79|0x0000000704f00000, 0x0000000704fffff0, 0x0000000705000000| 99%| O|  |TS  0|AC  0|TAMS 0x0000000704f00000, 0x0000000704f00000|
|  80|0x0000000705000000, 0x0000000705100000, 0x0000000705100000|100%| O|  |TS  0|AC  0|TAMS 0x0000000705000000, 0x0000000705000000|
|  81|0x0000000705100000, 0x00000007051fffd8, 0x0000000705200000| 99%| O|  |TS  0|AC  0|TAMS 0x0000000705100000, 0x0000000705100000|
|  82|0x0000000705200000, 0x00000007052ffff8, 0x0000000705300000| 99%| O|  |TS  0|AC  0|TAMS 0x0000000705200000, 0x0000000705200000|
|  83|0x0000000705300000, 0x00000007053ffff8, 0x0000000705400000| 99%| O|  |TS  0|AC  0|TAMS 0x0000000705300000, 0x0000000705300000|
|  84|0x0000000705400000, 0x0000000705433d18, 0x0000000705500000| 20%| O|  |TS  0|AC  0|TAMS 0x0000000705400000, 0x0000000705400000|
|  85|0x0000000705500000, 0x0000000705500000, 0x0000000705600000|  0%| F|  |TS  0|AC  0|TAMS 0x0000000705500000, 0x0000000705500000|
|  86|0x0000000705600000, 0x0000000705600000, 0x0000000705700000|  0%| F|  |TS  0|AC  0|TAMS 0x0000000705600000, 0x0000000705600000|
|  87|0x0000000705700000, 0x0000000705800000, 0x0000000705800000|100%|HS|  |TS  0|AC  0|TAMS 0x0000000705700000, 0x0000000705700000|
|  88|0x0000000705800000, 0x0000000705900000, 0x0000000705900000|100%|HC|  |TS  0|AC  0|TAMS 0x0000000705800000, 0x0000000705800000|
|  89|0x0000000705900000, 0x0000000705900000, 0x0000000705a00000|  0%| F|  |TS  0|AC  0|TAMS 0x0000000705900000, 0x0000000705900000|
|  90|0x0000000705a00000, 0x0000000705a00000, 0x0000000705b00000|  0%| F|  |TS  0|AC  0|TAMS 0x0000000705a00000, 0x0000000705a00000|
|  91|0x0000000705b00000, 0x0000000705c00000, 0x0000000705c00000|100%|HS|  |TS  0|AC  0|TAMS 0x0000000705b00000, 0x0000000705b00000|
|  92|0x0000000705c00000, 0x0000000705d00000, 0x0000000705d00000|100%|HC|  |TS  0|AC  0|TAMS 0x0000000705c00000, 0x0000000705c00000|
|  93|0x0000000705d00000, 0x0000000705d00000, 0x0000000705e00000|  0%| F|  |TS  0|AC  0|TAMS 0x0000000705d00000, 0x0000000705d00000|
|  94|0x0000000705e00000, 0x0000000705e00000, 0x0000000705f00000|  0%| F|  |TS  0|AC  0|TAMS 0x0000000705e00000, 0x0000000705e00000|
|  95|0x0000000705f00000, 0x0000000705f00000, 0x0000000706000000|  0%| F|  |TS  0|AC  0|TAMS 0x0000000705f00000, 0x0000000705f00000|
|  96|0x0000000706000000, 0x0000000706000000, 0x0000000706100000|  0%| F|  |TS  0|AC  0|TAMS 0x0000000706000000, 0x0000000706000000|
|  97|0x0000000706100000, 0x0000000706100000, 0x0000000706200000|  0%| F|  |TS  0|AC  0|TAMS 0x0000000706100000, 0x0000000706100000|
|  98|0x0000000706200000, 0x0000000706200000, 0x0000000706300000|  0%| F|  |TS  0|AC  0|TAMS 0x0000000706200000, 0x0000000706200000|
|  99|0x0000000706300000, 0x0000000706300000, 0x0000000706400000|  0%| F|  |TS  0|AC  0|TAMS 0x0000000706300000, 0x0000000706300000|
| 100|0x0000000706400000, 0x0000000706400000, 0x0000000706500000|  0%| F|  |TS  0|AC  0|TAMS 0x0000000706400000, 0x0000000706400000|
| 101|0x0000000706500000, 0x0000000706500000, 0x0000000706600000|  0%| F|  |TS  0|AC  0|TAMS 0x0000000706500000, 0x0000000706500000|
| 102|0x0000000706600000, 0x0000000706600000, 0x0000000706700000|  0%| F|  |TS  0|AC  0|TAMS 0x0000000706600000, 0x0000000706600000|
| 103|0x0000000706700000, 0x0000000706700000, 0x0000000706800000|  0%| F|  |TS  0|AC  0|TAMS 0x0000000706700000, 0x0000000706700000|
| 104|0x0000000706800000, 0x0000000706800000, 0x0000000706900000|  0%| F|  |TS  0|AC  0|TAMS 0x0000000706800000, 0x0000000706800000|
| 105|0x0000000706900000, 0x0000000706900000, 0x0000000706a00000|  0%| F|  |TS  0|AC  0|TAMS 0x0000000706900000, 0x0000000706900000|
| 106|0x0000000706a00000, 0x0000000706a00000, 0x0000000706b00000|  0%| F|  |TS  0|AC  0|TAMS 0x0000000706a00000, 0x0000000706a00000|
| 107|0x0000000706b00000, 0x0000000706b00000, 0x0000000706c00000|  0%| F|  |TS  0|AC  0|TAMS 0x0000000706b00000, 0x0000000706b00000|
| 108|0x0000000706c00000, 0x0000000706c00000, 0x0000000706d00000|  0%| F|  |TS  0|AC  0|TAMS 0x0000000706c00000, 0x0000000706c00000|
| 109|0x0000000706d00000, 0x0000000706d00000, 0x0000000706e00000|  0%| F|  |TS  0|AC  0|TAMS 0x0000000706d00000, 0x0000000706d00000|
| 110|0x0000000706e00000, 0x0000000706e00000, 0x0000000706f00000|  0%| F|  |TS  0|AC  0|TAMS 0x0000000706e00000, 0x0000000706e00000|
| 111|0x0000000706f00000, 0x0000000706f00000, 0x0000000707000000|  0%| F|  |TS  0|AC  0|TAMS 0x0000000706f00000, 0x0000000706f00000|
| 112|0x0000000707000000, 0x0000000707000000, 0x0000000707100000|  0%| F|  |TS  0|AC  0|TAMS 0x0000000707000000, 0x0000000707000000|
| 113|0x0000000707100000, 0x0000000707100000, 0x0000000707200000|  0%| F|  |TS  0|AC  0|TAMS 0x0000000707100000, 0x0000000707100000|
| 114|0x0000000707200000, 0x0000000707200000, 0x0000000707300000|  0%| F|  |TS  0|AC  0|TAMS 0x0000000707200000, 0x0000000707200000|
| 115|0x0000000707300000, 0x0000000707300000, 0x0000000707400000|  0%| F|  |TS  0|AC  0|TAMS 0x0000000707300000, 0x0000000707300000|
| 116|0x0000000707400000, 0x0000000707400000, 0x0000000707500000|  0%| F|  |TS  0|AC  0|TAMS 0x0000000707400000, 0x0000000707400000|
| 117|0x0000000707500000, 0x0000000707500000, 0x0000000707600000|  0%| F|  |TS  0|AC  0|TAMS 0x0000000707500000, 0x0000000707500000|
| 118|0x0000000707600000, 0x0000000707600000, 0x0000000707700000|  0%| F|  |TS  0|AC  0|TAMS 0x0000000707600000, 0x0000000707600000|
| 119|0x0000000707700000, 0x0000000707700000, 0x0000000707800000|  0%| F|  |TS  0|AC  0|TAMS 0x0000000707700000, 0x0000000707700000|
| 120|0x0000000707800000, 0x0000000707800000, 0x0000000707900000|  0%| F|  |TS  0|AC  0|TAMS 0x0000000707800000, 0x0000000707800000|
| 121|0x0000000707900000, 0x0000000707900000, 0x0000000707a00000|  0%| F|  |TS  0|AC  0|TAMS 0x0000000707900000, 0x0000000707900000|
| 122|0x0000000707a00000, 0x0000000707a00000, 0x0000000707b00000|  0%| F|  |TS  0|AC  0|TAMS 0x0000000707a00000, 0x0000000707a00000|
| 123|0x0000000707b00000, 0x0000000707b00000, 0x0000000707c00000|  0%| F|  |TS  0|AC  0|TAMS 0x0000000707b00000, 0x0000000707b00000|
| 124|0x0000000707c00000, 0x0000000707c00000, 0x0000000707d00000|  0%| F|  |TS  0|AC  0|TAMS 0x0000000707c00000, 0x0000000707c00000|
| 125|0x0000000707d00000, 0x0000000707d00000, 0x0000000707e00000|  0%| F|  |TS  0|AC  0|TAMS 0x0000000707d00000, 0x0000000707d00000|
| 126|0x0000000707e00000, 0x0000000707e00000, 0x0000000707f00000|  0%| F|  |TS  0|AC  0|TAMS 0x0000000707e00000, 0x0000000707e00000|
| 127|0x0000000707f00000, 0x0000000707f00000, 0x0000000708000000|  0%| F|  |TS  0|AC  0|TAMS 0x0000000707f00000, 0x0000000707f00000|
| 128|0x0000000708000000, 0x0000000708000000, 0x0000000708100000|  0%| F|  |TS  0|AC  0|TAMS 0x0000000708000000, 0x0000000708000000|
| 129|0x0000000708100000, 0x0000000708100000, 0x0000000708200000|  0%| F|  |TS  0|AC  0|TAMS 0x0000000708100000, 0x0000000708100000|
| 130|0x0000000708200000, 0x0000000708200000, 0x0000000708300000|  0%| F|  |TS  0|AC  0|TAMS 0x0000000708200000, 0x0000000708200000|
| 131|0x0000000708300000, 0x0000000708300000, 0x0000000708400000|  0%| F|  |TS  0|AC  0|TAMS 0x0000000708300000, 0x0000000708300000|
| 132|0x0000000708400000, 0x0000000708400000, 0x0000000708500000|  0%| F|  |TS  0|AC  0|TAMS 0x0000000708400000, 0x0000000708400000|
| 133|0x0000000708500000, 0x0000000708500000, 0x0000000708600000|  0%| F|  |TS  0|AC  0|TAMS 0x0000000708500000, 0x0000000708500000|
| 134|0x0000000708600000, 0x0000000708600000, 0x0000000708700000|  0%| F|  |TS  0|AC  0|TAMS 0x0000000708600000, 0x0000000708600000|
| 135|0x0000000708700000, 0x0000000708700000, 0x0000000708800000|  0%| F|  |TS  0|AC  0|TAMS 0x0000000708700000, 0x0000000708700000|
| 136|0x0000000708800000, 0x0000000708800000, 0x0000000708900000|  0%| F|  |TS  0|AC  0|TAMS 0x0000000708800000, 0x0000000708800000|
| 137|0x0000000708900000, 0x0000000708900000, 0x0000000708a00000|  0%| F|  |TS  0|AC  0|TAMS 0x0000000708900000, 0x0000000708900000|
| 138|0x0000000708a00000, 0x0000000708a00000, 0x0000000708b00000|  0%| F|  |TS  0|AC  0|TAMS 0x0000000708a00000, 0x0000000708a00000|
| 139|0x0000000708b00000, 0x0000000708b00000, 0x0000000708c00000|  0%| F|  |TS  0|AC  0|TAMS 0x0000000708b00000, 0x0000000708b00000|
| 140|0x0000000708c00000, 0x0000000708c00000, 0x0000000708d00000|  0%| F|  |TS  0|AC  0|TAMS 0x0000000708c00000, 0x0000000708c00000|
| 141|0x0000000708d00000, 0x0000000708d00000, 0x0000000708e00000|  0%| F|  |TS  0|AC  0|TAMS 0x0000000708d00000, 0x0000000708d00000|
| 142|0x0000000708e00000, 0x0000000708e00000, 0x0000000708f00000|  0%| F|  |TS  0|AC  0|TAMS 0x0000000708e00000, 0x0000000708e00000|
| 143|0x0000000708f00000, 0x0000000708f00000, 0x0000000709000000|  0%| F|  |TS 23|AC  0|TAMS 0x0000000708f00000, 0x0000000708f00000|
| 144|0x0000000709000000, 0x00000007090fc930, 0x0000000709100000| 98%| S|CS|TS 23|AC  0|TAMS 0x0000000709000000, 0x0000000709000000|
| 145|0x0000000709100000, 0x0000000709100000, 0x0000000709200000|  0%| F|  |TS 23|AC  0|TAMS 0x0000000709100000, 0x0000000709100000|
| 146|0x0000000709200000, 0x0000000709200000, 0x0000000709300000|  0%| F|  |TS 23|AC  0|TAMS 0x0000000709200000, 0x0000000709200000|
| 147|0x0000000709300000, 0x0000000709300000, 0x0000000709400000|  0%| F|  |TS 23|AC  0|TAMS 0x0000000709300000, 0x0000000709300000|
| 148|0x0000000709400000, 0x0000000709400000, 0x0000000709500000|  0%| F|  |TS 23|AC  0|TAMS 0x0000000709400000, 0x0000000709400000|
| 149|0x0000000709500000, 0x0000000709500000, 0x0000000709600000|  0%| F|  |TS 23|AC  0|TAMS 0x0000000709500000, 0x0000000709500000|
| 150|0x0000000709600000, 0x0000000709600000, 0x0000000709700000|  0%| F|  |TS 23|AC  0|TAMS 0x0000000709600000, 0x0000000709600000|
| 151|0x0000000709700000, 0x0000000709700000, 0x0000000709800000|  0%| F|  |TS 23|AC  0|TAMS 0x0000000709700000, 0x0000000709700000|
| 152|0x0000000709800000, 0x0000000709800000, 0x0000000709900000|  0%| F|  |TS 23|AC  0|TAMS 0x0000000709800000, 0x0000000709800000|
| 153|0x0000000709900000, 0x0000000709900000, 0x0000000709a00000|  0%| F|  |TS 23|AC  0|TAMS 0x0000000709900000, 0x0000000709900000|
| 154|0x0000000709a00000, 0x0000000709a00000, 0x0000000709b00000|  0%| F|  |TS 23|AC  0|TAMS 0x0000000709a00000, 0x0000000709a00000|
| 155|0x0000000709b00000, 0x0000000709b00000, 0x0000000709c00000|  0%| F|  |TS 23|AC  0|TAMS 0x0000000709b00000, 0x0000000709b00000|
| 156|0x0000000709c00000, 0x0000000709c00000, 0x0000000709d00000|  0%| F|  |TS 23|AC  0|TAMS 0x0000000709c00000, 0x0000000709c00000|
| 157|0x0000000709d00000, 0x0000000709d00000, 0x0000000709e00000|  0%| F|  |TS 23|AC  0|TAMS 0x0000000709d00000, 0x0000000709d00000|
| 158|0x0000000709e00000, 0x0000000709e00000, 0x0000000709f00000|  0%| F|  |TS 23|AC  0|TAMS 0x0000000709e00000, 0x0000000709e00000|
| 159|0x0000000709f00000, 0x0000000709f2d670, 0x000000070a000000| 17%| E|  |TS 23|AC  0|TAMS 0x0000000709f00000, 0x0000000709f00000|
| 160|0x000000070a000000, 0x000000070a100000, 0x000000070a100000|100%| E|CS|TS 23|AC  0|TAMS 0x000000070a000000, 0x000000070a000000|
| 161|0x000000070a100000, 0x000000070a200000, 0x000000070a200000|100%| E|CS|TS 23|AC  0|TAMS 0x000000070a100000, 0x000000070a100000|
| 162|0x000000070a200000, 0x000000070a300000, 0x000000070a300000|100%| E|CS|TS 23|AC  0|TAMS 0x000000070a200000, 0x000000070a200000|
| 163|0x000000070a300000, 0x000000070a400000, 0x000000070a400000|100%| E|CS|TS 23|AC  0|TAMS 0x000000070a300000, 0x000000070a300000|
| 164|0x000000070a400000, 0x000000070a500000, 0x000000070a500000|100%| E|CS|TS 23|AC  0|TAMS 0x000000070a400000, 0x000000070a400000|
| 165|0x000000070a500000, 0x000000070a600000, 0x000000070a600000|100%| E|CS|TS 23|AC  0|TAMS 0x000000070a500000, 0x000000070a500000|
| 166|0x000000070a600000, 0x000000070a700000, 0x000000070a700000|100%| E|CS|TS 23|AC  0|TAMS 0x000000070a600000, 0x000000070a600000|
| 167|0x000000070a700000, 0x000000070a800000, 0x000000070a800000|100%| E|CS|TS 23|AC  0|TAMS 0x000000070a700000, 0x000000070a700000|
| 168|0x000000070a800000, 0x000000070a900000, 0x000000070a900000|100%| E|CS|TS 23|AC  0|TAMS 0x000000070a800000, 0x000000070a800000|
| 169|0x000000070a900000, 0x000000070aa00000, 0x000000070aa00000|100%| E|CS|TS 23|AC  0|TAMS 0x000000070a900000, 0x000000070a900000|
| 170|0x000000070aa00000, 0x000000070ab00000, 0x000000070ab00000|100%| E|CS|TS 23|AC  0|TAMS 0x000000070aa00000, 0x000000070aa00000|
| 171|0x000000070ab00000, 0x000000070ac00000, 0x000000070ac00000|100%| E|CS|TS 23|AC  0|TAMS 0x000000070ab00000, 0x000000070ab00000|
| 172|0x000000070ac00000, 0x000000070ad00000, 0x000000070ad00000|100%| E|CS|TS 23|AC  0|TAMS 0x000000070ac00000, 0x000000070ac00000|
| 173|0x000000070ad00000, 0x000000070ae00000, 0x000000070ae00000|100%| E|CS|TS 23|AC  0|TAMS 0x000000070ad00000, 0x000000070ad00000|
| 174|0x000000070ae00000, 0x000000070af00000, 0x000000070af00000|100%| E|CS|TS 23|AC  0|TAMS 0x000000070ae00000, 0x000000070ae00000|
| 175|0x000000070af00000, 0x000000070b000000, 0x000000070b000000|100%| E|CS|TS 23|AC  0|TAMS 0x000000070af00000, 0x000000070af00000|
| 176|0x000000070b000000, 0x000000070b100000, 0x000000070b100000|100%| E|CS|TS 23|AC  0|TAMS 0x000000070b000000, 0x000000070b000000|
| 177|0x000000070b100000, 0x000000070b200000, 0x000000070b200000|100%| E|CS|TS 23|AC  0|TAMS 0x000000070b100000, 0x000000070b100000|
| 178|0x000000070b200000, 0x000000070b300000, 0x000000070b300000|100%| E|CS|TS 23|AC  0|TAMS 0x000000070b200000, 0x000000070b200000|
| 179|0x000000070b300000, 0x000000070b400000, 0x000000070b400000|100%| E|CS|TS 23|AC  0|TAMS 0x000000070b300000, 0x000000070b300000|
| 180|0x000000070b400000, 0x000000070b500000, 0x000000070b500000|100%| E|CS|TS 23|AC  0|TAMS 0x000000070b400000, 0x000000070b400000|
| 181|0x000000070b500000, 0x000000070b600000, 0x000000070b600000|100%| E|CS|TS 23|AC  0|TAMS 0x000000070b500000, 0x000000070b500000|
| 182|0x000000070b600000, 0x000000070b700000, 0x000000070b700000|100%| E|CS|TS 23|AC  0|TAMS 0x000000070b600000, 0x000000070b600000|
| 183|0x000000070b700000, 0x000000070b800000, 0x000000070b800000|100%| E|CS|TS 23|AC  0|TAMS 0x000000070b700000, 0x000000070b700000|
| 184|0x000000070b800000, 0x000000070b900000, 0x000000070b900000|100%| E|CS|TS 23|AC  0|TAMS 0x000000070b800000, 0x000000070b800000|
| 185|0x000000070b900000, 0x000000070ba00000, 0x000000070ba00000|100%| E|CS|TS 23|AC  0|TAMS 0x000000070b900000, 0x000000070b900000|
| 186|0x000000070ba00000, 0x000000070bb00000, 0x000000070bb00000|100%| E|CS|TS 23|AC  0|TAMS 0x000000070ba00000, 0x000000070ba00000|
| 187|0x000000070bb00000, 0x000000070bc00000, 0x000000070bc00000|100%| E|CS|TS 23|AC  0|TAMS 0x000000070bb00000, 0x000000070bb00000|
| 188|0x000000070bc00000, 0x000000070bd00000, 0x000000070bd00000|100%| E|CS|TS 23|AC  0|TAMS 0x000000070bc00000, 0x000000070bc00000|
| 189|0x000000070bd00000, 0x000000070be00000, 0x000000070be00000|100%| E|CS|TS 23|AC  0|TAMS 0x000000070bd00000, 0x000000070bd00000|
| 190|0x000000070be00000, 0x000000070bf00000, 0x000000070bf00000|100%| E|CS|TS 23|AC  0|TAMS 0x000000070be00000, 0x000000070be00000|
| 191|0x000000070bf00000, 0x000000070c000000, 0x000000070c000000|100%| E|CS|TS 23|AC  0|TAMS 0x000000070bf00000, 0x000000070bf00000|
| 192|0x000000070c000000, 0x000000070c100000, 0x000000070c100000|100%| E|CS|TS 23|AC  0|TAMS 0x000000070c000000, 0x000000070c000000|
| 193|0x000000070c100000, 0x000000070c200000, 0x000000070c200000|100%| E|CS|TS 23|AC  0|TAMS 0x000000070c100000, 0x000000070c100000|
| 194|0x000000070c200000, 0x000000070c300000, 0x000000070c300000|100%| E|CS|TS 23|AC  0|TAMS 0x000000070c200000, 0x000000070c200000|
| 195|0x000000070c300000, 0x000000070c400000, 0x000000070c400000|100%| E|CS|TS 23|AC  0|TAMS 0x000000070c300000, 0x000000070c300000|
| 196|0x000000070c400000, 0x000000070c500000, 0x000000070c500000|100%| E|CS|TS 23|AC  0|TAMS 0x000000070c400000, 0x000000070c400000|
| 197|0x000000070c500000, 0x000000070c600000, 0x000000070c600000|100%| E|CS|TS 23|AC  0|TAMS 0x000000070c500000, 0x000000070c500000|
| 198|0x000000070c600000, 0x000000070c700000, 0x000000070c700000|100%| E|CS|TS 23|AC  0|TAMS 0x000000070c600000, 0x000000070c600000|
| 199|0x000000070c700000, 0x000000070c800000, 0x000000070c800000|100%| E|CS|TS 23|AC  0|TAMS 0x000000070c700000, 0x000000070c700000|
| 200|0x000000070c800000, 0x000000070c900000, 0x000000070c900000|100%| E|CS|TS 23|AC  0|TAMS 0x000000070c800000, 0x000000070c800000|
| 201|0x000000070c900000, 0x000000070ca00000, 0x000000070ca00000|100%| E|CS|TS 23|AC  0|TAMS 0x000000070c900000, 0x000000070c900000|
| 202|0x000000070ca00000, 0x000000070cb00000, 0x000000070cb00000|100%| E|CS|TS 23|AC  0|TAMS 0x000000070ca00000, 0x000000070ca00000|
| 203|0x000000070cb00000, 0x000000070cc00000, 0x000000070cc00000|100%| E|CS|TS 23|AC  0|TAMS 0x000000070cb00000, 0x000000070cb00000|

Card table byte_map: [0x000001a51e950000,0x000001a51ef50000] byte_map_base: 0x000001a51b150000

Marking Bits (Prev, Next): (CMBitMap*) 0x000001a50251c720, (CMBitMap*) 0x000001a50251c758
 Prev Bits: [0x000001a51f550000, 0x000001a522550000)
 Next Bits: [0x000001a522550000, 0x000001a525550000)

Polling page: 0x000001a501230000

CodeHeap 'non-profiled nmethods': size=120000Kb used=23933Kb max_used=24208Kb free=96066Kb
 bounds [0x000001a5165f0000, 0x000001a517da0000, 0x000001a51db20000]
CodeHeap 'profiled nmethods': size=120000Kb used=44038Kb max_used=44484Kb free=75961Kb
 bounds [0x000001a50f0c0000, 0x000001a511c80000, 0x000001a5165f0000]
CodeHeap 'non-nmethods': size=5760Kb used=1817Kb max_used=1883Kb free=3942Kb
 bounds [0x000001a50eb20000, 0x000001a50ed90000, 0x000001a50f0c0000]
 total_blobs=34042 nmethods=17985 adapters=1168
 compilation: enabled

Compilation events (10 events):
Event: 2087.297 Thread 0x000001a504770800 23080       3       java.awt.AWTEventMulticaster::windowDeactivated (27 bytes)
Event: 2087.297 Thread 0x000001a504770800 nmethod 23080 0x000001a510462090 code [0x000001a510462280, 0x000001a5104627a0]
Event: 2088.355 Thread 0x000001a504770800 23081       3       java.awt.AWTEventMulticaster::windowActivated (27 bytes)
Event: 2088.356 Thread 0x000001a504770800 nmethod 23081 0x000001a5109e0510 code [0x000001a5109e0700, 0x000001a5109e0c20]
Event: 2089.072 Thread 0x000001a504770800 23082       3       java.util.regex.Pattern$CharPropertyGreedy::match (122 bytes)
Event: 2089.073 Thread 0x000001a504770800 nmethod 23082 0x000001a510a7dc90 code [0x000001a510a7dec0, 0x000001a510a7e6c0]
Event: 2089.701 Thread 0x000001a504770800 23084       3       javax.swing.plaf.synth.SynthOptionPaneUI::getContext (10 bytes)
Event: 2089.701 Thread 0x000001a504770800 nmethod 23084 0x000001a510b20c90 code [0x000001a510b20ea0, 0x000001a510b21420]
Event: 2090.798 Thread 0x000001a504770800 23085       3       java.awt.event.MouseEvent::setNewModifiers (351 bytes)
Event: 2090.798 Thread 0x000001a504770800 nmethod 23085 0x000001a510c41190 code [0x000001a510c41360, 0x000001a510c419b8]

GC Heap History (10 events):
Event: 2075.366 GC heap before
{Heap before GC invocations=278 (full 13):
 garbage-first heap   total 208896K, used 150945K [0x0000000700000000, 0x0000000700100660, 0x00000007c0000000)
  region size 1024K, 60 young (61440K), 1 survivors (1024K)
 Metaspace       used 87532K, capacity 94418K, committed 94720K, reserved 1130496K
  class space    used 12092K, capacity 13265K, committed 13312K, reserved 1048576K
}
Event: 2075.370 GC heap after
{Heap after GC invocations=279 (full 13):
 garbage-first heap   total 208896K, used 90441K [0x0000000700000000, 0x0000000700100660, 0x00000007c0000000)
  region size 1024K, 1 young (1024K), 1 survivors (1024K)
 Metaspace       used 87532K, capacity 94418K, committed 94720K, reserved 1130496K
  class space    used 12092K, capacity 13265K, committed 13312K, reserved 1048576K
}
Event: 2075.801 GC heap before
{Heap before GC invocations=279 (full 13):
 garbage-first heap   total 208896K, used 150857K [0x0000000700000000, 0x0000000700100660, 0x00000007c0000000)
  region size 1024K, 60 young (61440K), 1 survivors (1024K)
 Metaspace       used 87532K, capacity 94418K, committed 94720K, reserved 1130496K
  class space    used 12092K, capacity 13265K, committed 13312K, reserved 1048576K
}
Event: 2075.803 GC heap after
{Heap after GC invocations=280 (full 13):
 garbage-first heap   total 208896K, used 90410K [0x0000000700000000, 0x0000000700100660, 0x00000007c0000000)
  region size 1024K, 1 young (1024K), 1 survivors (1024K)
 Metaspace       used 87532K, capacity 94418K, committed 94720K, reserved 1130496K
  class space    used 12092K, capacity 13265K, committed 13312K, reserved 1048576K
}
Event: 2076.678 GC heap before
{Heap before GC invocations=280 (full 13):
 garbage-first heap   total 208896K, used 150826K [0x0000000700000000, 0x0000000700100660, 0x00000007c0000000)
  region size 1024K, 60 young (61440K), 1 survivors (1024K)
 Metaspace       used 87534K, capacity 94418K, committed 94720K, reserved 1130496K
  class space    used 12092K, capacity 13265K, committed 13312K, reserved 1048576K
}
Event: 2076.681 GC heap after
{Heap after GC invocations=281 (full 13):
 garbage-first heap   total 208896K, used 90434K [0x0000000700000000, 0x0000000700100660, 0x00000007c0000000)
  region size 1024K, 1 young (1024K), 1 survivors (1024K)
 Metaspace       used 87534K, capacity 94418K, committed 94720K, reserved 1130496K
  class space    used 12092K, capacity 13265K, committed 13312K, reserved 1048576K
}
Event: 2078.432 GC heap before
{Heap before GC invocations=281 (full 13):
 garbage-first heap   total 208896K, used 150850K [0x0000000700000000, 0x0000000700100660, 0x00000007c0000000)
  region size 1024K, 60 young (61440K), 1 survivors (1024K)
 Metaspace       used 87534K, capacity 94418K, committed 94720K, reserved 1130496K
  class space    used 12092K, capacity 13265K, committed 13312K, reserved 1048576K
}
Event: 2078.435 GC heap after
{Heap after GC invocations=282 (full 13):
 garbage-first heap   total 208896K, used 90427K [0x0000000700000000, 0x0000000700100660, 0x00000007c0000000)
  region size 1024K, 1 young (1024K), 1 survivors (1024K)
 Metaspace       used 87534K, capacity 94418K, committed 94720K, reserved 1130496K
  class space    used 12092K, capacity 13265K, committed 13312K, reserved 1048576K
}
Event: 2080.914 GC heap before
{Heap before GC invocations=282 (full 13):
 garbage-first heap   total 208896K, used 150843K [0x0000000700000000, 0x0000000700100660, 0x00000007c0000000)
  region size 1024K, 60 young (61440K), 1 survivors (1024K)
 Metaspace       used 87560K, capacity 94418K, committed 94720K, reserved 1130496K
  class space    used 12092K, capacity 13265K, committed 13312K, reserved 1048576K
}
Event: 2080.918 GC heap after
{Heap after GC invocations=283 (full 13):
 garbage-first heap   total 208896K, used 90693K [0x0000000700000000, 0x0000000700100660, 0x00000007c0000000)
  region size 1024K, 1 young (1024K), 1 survivors (1024K)
 Metaspace       used 87560K, capacity 94418K, committed 94720K, reserved 1130496K
  class space    used 12092K, capacity 13265K, committed 13312K, reserved 1048576K
}

Deoptimization events (10 events):
Event: 2089.087 Thread 0x000001a52972d800 Uncommon trap: reason=speculate_class_check action=maybe_recompile pc=0x000001a51729ea10 method=java.awt.Component.dispatchEvent(Ljava/awt/AWTEvent;)V @ 2 c2
Event: 2089.090 Thread 0x000001a52972d800 Uncommon trap: reason=speculate_class_check action=maybe_recompile pc=0x000001a51729ea10 method=java.awt.Component.dispatchEvent(Ljava/awt/AWTEvent;)V @ 2 c2
Event: 2089.107 Thread 0x000001a52972d800 Uncommon trap: reason=bimorphic_or_optimized_type_check action=maybe_recompile pc=0x000001a5172a3288 method=javax.swing.text.html.parser.DocumentParser.handleStartTag(Ljavax/swing/text/html/parser/TagElement;)V @ 174 c2
Event: 2089.107 Thread 0x000001a52972d800 Uncommon trap: reason=bimorphic_or_optimized_type_check action=maybe_recompile pc=0x000001a5172a3288 method=javax.swing.text.html.parser.DocumentParser.handleStartTag(Ljavax/swing/text/html/parser/TagElement;)V @ 174 c2
Event: 2089.107 Thread 0x000001a52972d800 Uncommon trap: reason=bimorphic_or_optimized_type_check action=maybe_recompile pc=0x000001a51764bcb8 method=javax.swing.text.html.parser.DocumentParser.handleEndTag(Ljavax/swing/text/html/parser/TagElement;)V @ 139 c2
Event: 2089.107 Thread 0x000001a52972d800 Uncommon trap: reason=bimorphic_or_optimized_type_check action=maybe_recompile pc=0x000001a5172a3288 method=javax.swing.text.html.parser.DocumentParser.handleStartTag(Ljavax/swing/text/html/parser/TagElement;)V @ 174 c2
Event: 2089.107 Thread 0x000001a52972d800 Uncommon trap: reason=bimorphic_or_optimized_type_check action=maybe_recompile pc=0x000001a516948c84 method=javax.swing.text.html.parser.DocumentParser.handleEndTag(Ljavax/swing/text/html/parser/TagElement;)V @ 139 c2
Event: 2089.107 Thread 0x000001a52972d800 Uncommon trap: reason=bimorphic_or_optimized_type_check action=maybe_recompile pc=0x000001a516948c84 method=javax.swing.text.html.parser.DocumentParser.handleEndTag(Ljavax/swing/text/html/parser/TagElement;)V @ 139 c2
Event: 2089.107 Thread 0x000001a52972d800 Uncommon trap: reason=bimorphic_or_optimized_type_check action=maybe_recompile pc=0x000001a516bde3c0 method=javax.swing.text.html.parser.DocumentParser.parse(Ljava/io/Reader;Ljavax/swing/text/html/HTMLEditorKit$ParserCallback;Z)V @ 20 c2
Event: 2090.807 Thread 0x000001a52972d800 Uncommon trap: reason=class_check action=maybe_recompile pc=0x000001a51726d808 method=java.awt.Component.removeNotify()V @ 301 c2

Classes redefined (0 events):
No events

Internal exceptions (10 events):
Event: 1911.337 Thread 0x000001a52972d800 Exception <a 'java/lang/ClassNotFoundException'{0x000000070c23d6b8}: ui/utils/o/p/a/dCustomizer> (0x000000070c23d6b8) thrown at [t:/workspace/hotspot/src/share/vm/classfile/systemDictionary.cpp, line 218]
Event: 1911.338 Thread 0x000001a52972d800 Exception <a 'java/lang/ClassNotFoundException'{0x000000070c273f88}: ui/views/waveform/f/pCustomizer> (0x000000070c273f88) thrown at [t:/workspace/hotspot/src/share/vm/classfile/systemDictionary.cpp, line 218]
Event: 1911.382 Thread 0x000001a52972d800 Implicit null exception at 0x000001a516ecbbde to 0x000001a516ecc615
Event: 1912.089 Thread 0x000001a52972d800 Implicit null exception at 0x000001a516a06f2c to 0x000001a516a07279
Event: 1912.466 Thread 0x000001a537ee5000 Implicit null exception at 0x000001a5177a4534 to 0x000001a5177a63d1
Event: 1927.230 Thread 0x000001a52972d800 Exception <a 'java/lang/NoSuchMethodError'{0x00000007093eee98}: java.lang.invoke.DirectMethodHandle$Holder.invokeSpecial(Ljava/lang/Object;Ljava/lang/Object;IILjava/lang/Object;ILjava/lang/Object;Ljava/lang/Object;Ljava/lang/Object;)Ljava/lang/Object;> (0
Event: 1927.230 Thread 0x000001a52972d800 Exception <a 'java/lang/NoSuchMethodError'{0x00000007093f2908}: java.lang.invoke.DelegatingMethodHandle$Holder.reinvoke_L(Ljava/lang/Object;IILjava/lang/Object;ILjava/lang/Object;Ljava/lang/Object;Ljava/lang/Object;)Ljava/lang/Object;> (0x00000007093f2908
Event: 1927.232 Thread 0x000001a52972d800 Exception <a 'java/lang/NoSuchMethodError'{0x000000070924ae48}: method resolution failed> (0x000000070924ae48) thrown at [t:/workspace/hotspot/src/share/vm/prims/methodHandles.cpp, line 1256]
Event: 1927.232 Thread 0x000001a52972d800 Exception <a 'java/lang/NoSuchMethodError'{0x000000070924eb28}: java.lang.invoke.DelegatingMethodHandle$Holder.reinvoke_L(Ljava/lang/Object;Ljava/lang/Object;ILjava/lang/Object;Ljava/lang/Object;Ljava/lang/Object;)Ljava/lang/Object;> (0x000000070924eb28) 
Event: 1935.505 Thread 0x000001a52972d800 Exception <a 'java/lang/NoSuchMethodError'{0x000000070ad0d4b8}: method resolution failed> (0x000000070ad0d4b8) thrown at [t:/workspace/hotspot/src/share/vm/prims/methodHandles.cpp, line 1256]

Events (10 events):
Event: 2089.447 Thread 0x000001a53b9c5000 Thread added: 0x000001a53b9c5000
Event: 2089.450 Thread 0x000001a53b9c7800 Thread exited: 0x000001a53b9c7800
Event: 2089.451 Thread 0x000001a53b9c5000 Thread exited: 0x000001a53b9c5000
Event: 2090.448 Thread 0x000001a53b9c5000 Thread added: 0x000001a53b9c5000
Event: 2090.448 Thread 0x000001a53b9c7800 Thread added: 0x000001a53b9c7800
Event: 2090.450 Thread 0x000001a53b9c5000 Thread exited: 0x000001a53b9c5000
Event: 2090.453 Thread 0x000001a53b9c7800 Thread exited: 0x000001a53b9c7800
Event: 2090.807 Thread 0x000001a52972d800 Uncommon trap: trap_request=0xffffffde fr.pc=0x000001a51726d808 relative=0x00000000000024a8
Event: 2090.807 Thread 0x000001a52972d800 DEOPT PACKING pc=0x000001a51726d808 sp=0x0000005b65efab70
Event: 2090.807 Thread 0x000001a52972d800 DEOPT UNPACKING pc=0x000001a50eb6df29 sp=0x0000005b65efab08 mode 2


Dynamic libraries:
0x00007ff76e630000 - 0x00007ff76e660000 	D:\vivado\Vivado\2018.3\bin\unwrapped\win64.o\vivado.exe
0x00007ffde5640000 - 0x00007ffde5830000 	C:\WINDOWS\SYSTEM32\ntdll.dll
0x00007ffde37c0000 - 0x00007ffde3872000 	C:\WINDOWS\System32\KERNEL32.DLL
0x00007ffde26a0000 - 0x00007ffde2944000 	C:\WINDOWS\System32\KERNELBASE.dll
0x00007ffde2e60000 - 0x00007ffde2f5a000 	C:\WINDOWS\System32\ucrtbase.dll
0x00007ffdbfdc0000 - 0x00007ffdbfe67000 	C:\WINDOWS\SYSTEM32\MSVCP140.dll
0x00007ffdd9920000 - 0x00007ffdd9934000 	D:\vivado\Vivado\2018.3\lib\win64.o\libboost_signals.dll
0x00007ffdd9900000 - 0x00007ffdd9914000 	D:\vivado\Vivado\2018.3\lib\win64.o\librdi_commonmain.dll
0x00007ffdbfe70000 - 0x00007ffdbfe86000 	C:\WINDOWS\SYSTEM32\VCRUNTIME140.dll
0x00007ffdd9600000 - 0x00007ffdd9626000 	D:\vivado\Vivado\2018.3\lib\win64.o\libboost_filesystem.dll
0x00007ffde4510000 - 0x00007ffde45b3000 	C:\WINDOWS\System32\ADVAPI32.dll
0x00007ffdd7000000 - 0x00007ffdd700a000 	D:\vivado\Vivado\2018.3\lib\win64.o\librdi_commonversion.dll
0x00007ffde45c0000 - 0x00007ffde465e000 	C:\WINDOWS\System32\msvcrt.dll
0x00007ffde3720000 - 0x00007ffde37b7000 	C:\WINDOWS\System32\sechost.dll
0x00007ffde4cb0000 - 0x00007ffde4dd0000 	C:\WINDOWS\System32\RPCRT4.dll
0x00007ffdbb900000 - 0x00007ffdbba21000 	D:\vivado\Vivado\2018.3\lib\win64.o\librdi_commonxillic.dll
0x00007ffde3a10000 - 0x00007ffde3ba4000 	C:\WINDOWS\System32\USER32.dll
0x00007ffde2670000 - 0x00007ffde2691000 	C:\WINDOWS\System32\win32u.dll
0x00007ffde36f0000 - 0x00007ffde3716000 	C:\WINDOWS\System32\GDI32.dll
0x00007ffde2c40000 - 0x00007ffde2dd6000 	C:\WINDOWS\System32\gdi32full.dll
0x0000000062ae0000 - 0x0000000062c0b000 	D:\vivado\Vivado\2018.3\lib\win64.o\tcl85t.dll
0x00007ffde2950000 - 0x00007ffde29ee000 	C:\WINDOWS\System32\msvcp_win.dll
0x00007ffde43d0000 - 0x00007ffde443f000 	C:\WINDOWS\System32\WS2_32.dll
0x00007ffdd6ff0000 - 0x00007ffdd6ffb000 	D:\vivado\Vivado\2018.3\lib\win64.o\libboost_system.dll
0x00007ffda9b30000 - 0x00007ffda9de5000 	D:\vivado\Vivado\2018.3\lib\win64.o\libXil_lmgr11.dll
0x00007ffde38e0000 - 0x00007ffde39b0000 	C:\WINDOWS\System32\COMDLG32.dll
0x00007ffde4090000 - 0x00007ffde43c5000 	C:\WINDOWS\System32\combase.dll
0x00007ffde2b70000 - 0x00007ffde2bf0000 	C:\WINDOWS\System32\bcryptPrimitives.dll
0x00007ffde4440000 - 0x00007ffde44e9000 	C:\WINDOWS\System32\shcore.dll
0x00007ffde39b0000 - 0x00007ffde3a02000 	C:\WINDOWS\System32\SHLWAPI.dll
0x00007ffde4ee0000 - 0x00007ffde55c6000 	C:\WINDOWS\System32\SHELL32.dll
0x00007ffde2bf0000 - 0x00007ffde2c3a000 	C:\WINDOWS\System32\cfgmgr32.dll
0x00007ffde2f60000 - 0x00007ffde36e2000 	C:\WINDOWS\System32\windows.storage.dll
0x00007ffde2590000 - 0x00007ffde25b3000 	C:\WINDOWS\System32\profapi.dll
0x00007ffde2520000 - 0x00007ffde256a000 	C:\WINDOWS\System32\powrprof.dll
0x00007ffde24f0000 - 0x00007ffde2500000 	C:\WINDOWS\System32\UMPDC.dll
0x00007ffde2570000 - 0x00007ffde2581000 	C:\WINDOWS\System32\kernel.appcore.dll
0x00007ffde2de0000 - 0x00007ffde2df7000 	C:\WINDOWS\System32\cryptsp.dll
0x00007ffde4be0000 - 0x00007ffde4ca5000 	C:\WINDOWS\System32\OLEAUT32.dll
0x00007ffde47a0000 - 0x00007ffde48f7000 	C:\WINDOWS\System32\ole32.dll
0x00007ffde2e00000 - 0x00007ffde2e5c000 	C:\WINDOWS\System32\WINTRUST.dll
0x00007ffde2500000 - 0x00007ffde2512000 	C:\WINDOWS\System32\MSASN1.dll
0x00007ffde2a20000 - 0x00007ffde2b69000 	C:\WINDOWS\System32\CRYPT32.dll
0x00007ffdb9360000 - 0x00007ffdb9474000 	D:\vivado\Vivado\2018.3\lib\win64.o\libboost_regex.dll
0x00007ffdd0700000 - 0x00007ffdd0717000 	C:\WINDOWS\SYSTEM32\NETAPI32.dll
0x00007ffdd51d0000 - 0x00007ffdd5279000 	C:\WINDOWS\WinSxS\amd64_microsoft.windows.common-controls_6595b64144ccf1df_5.82.18362.959_none_2a27bd024669d2fe\COMCTL32.dll
0x00007ffdd6fe0000 - 0x00007ffdd6fe9000 	C:\WINDOWS\SYSTEM32\WSOCK32.dll
0x00007ffdd49f0000 - 0x00007ffdd4a0c000 	C:\WINDOWS\SYSTEM32\dhcpcsvc.DLL
0x00007ffde4dd0000 - 0x00007ffde4dd8000 	C:\WINDOWS\System32\NSI.dll
0x00007ffda5840000 - 0x00007ffda66d4000 	D:\vivado\Vivado\2018.3\lib\win64.o\librdi_common.dll
0x00007ffda97c0000 - 0x00007ffda9b2e000 	D:\vivado\Vivado\2018.3\lib\win64.o\libCOIN-all.dll
0x00007ffdd6f80000 - 0x00007ffdd6f94000 	D:\vivado\Vivado\2018.3\lib\win64.o\libboost_date_time.dll
0x00007ffdc9070000 - 0x00007ffdc9091000 	D:\vivado\Vivado\2018.3\lib\win64.o\libboost_thread.dll
0x00007ffdc27c0000 - 0x00007ffdc283f000 	D:\vivado\Vivado\2018.3\lib\win64.o\libboost_program_options.dll
0x00007ffdc0b90000 - 0x00007ffdc0c12000 	D:\vivado\Vivado\2018.3\lib\win64.o\libhdlpsolve.dll
0x00007ffdd6f70000 - 0x00007ffdd6f7f000 	D:\vivado\Vivado\2018.3\lib\win64.o\libboost_xilinx.dll
0x00007ffdbc620000 - 0x00007ffdbc6c5000 	D:\vivado\Vivado\2018.3\lib\win64.o\libhdxml.dll
0x00007ffdc3ef0000 - 0x00007ffdc3f1e000 	D:\vivado\Vivado\2018.3\lib\win64.o\libisl_sysinfo.dll
0x00007ffdc1e50000 - 0x00007ffdc1eb5000 	D:\vivado\Vivado\2018.3\lib\win64.o\liblmx6.0.dll
0x00007ffdd2d10000 - 0x00007ffdd2d2a000 	D:\vivado\Vivado\2018.3\lib\win64.o\pthreadVC2.dll
0x00007ffdce320000 - 0x00007ffdce33c000 	D:\vivado\Vivado\2018.3\lib\win64.o\librdiconfig.dll
0x00007ffdc2a20000 - 0x00007ffdc2a41000 	D:\vivado\Vivado\2018.3\lib\win64.o\librdizlib.dll
0x0000000012000000 - 0x0000000012272000 	D:\vivado\Vivado\2018.3\lib\win64.o\xerces-c_3_1.dll
0x00007ffdd23e0000 - 0x00007ffdd28b5000 	C:\WINDOWS\SYSTEM32\WININET.dll
0x00007ffda4ff0000 - 0x00007ffda583e600 	D:\vivado\Vivado\2018.3\lib\win64.o\libisl_iostreams.dll
0x00007ffddb560000 - 0x00007ffddb650000 	C:\WINDOWS\SYSTEM32\WINHTTP.dll
0x00007ffdd3d10000 - 0x00007ffdd3ee6000 	C:\WINDOWS\SYSTEM32\urlmon.dll
0x00007ffdc29f0000 - 0x00007ffdc2a1e000 	C:\WINDOWS\SYSTEM32\VCOMP140.DLL
0x00007ffda4150000 - 0x00007ffda4fe1000 	D:\vivado\Vivado\2018.3\lib\win64.o\gurobi65.dll
0x00007ffdd6ed0000 - 0x00007ffdd6edd000 	D:\vivado\Vivado\2018.3\lib\win64.o\libboost_chrono.dll
0x00007ffdd3340000 - 0x00007ffdd35e6000 	C:\WINDOWS\SYSTEM32\iertutil.dll
0x00007ffdc9050000 - 0x00007ffdc906b000 	D:\vivado\Vivado\2018.3\lib\win64.o\libboost_iostreams.dll
0x00007ffdc2790000 - 0x00007ffdc27b5000 	D:\vivado\Vivado\2018.3\lib\win64.o\libisl_iosutils.dll
0x00007ffde1f30000 - 0x00007ffde1f3c000 	C:\WINDOWS\SYSTEM32\CRYPTBASE.DLL
0x00007ffde1b20000 - 0x00007ffde1b2c000 	C:\WINDOWS\SYSTEM32\NETUTILS.DLL
0x00007ffde55d0000 - 0x00007ffde55fe000 	C:\WINDOWS\System32\IMM32.DLL
0x00007ffda3c50000 - 0x00007ffda4145000 	D:\vivado\Vivado\2018.3\lib\win64.o\librdi_commontasks.dll
0x00007ffdda5b0000 - 0x00007ffdda5ba000 	C:\WINDOWS\SYSTEM32\VERSION.dll
0x00007ffda9070000 - 0x00007ffda92ef000 	D:\vivado\Vivado\2018.3\lib\win64.o\librdi_sio.dll
0x00000000620b0000 - 0x0000000062ad5000 	D:\vivado\Vivado\2018.3\tps\win64\jre9.0.4\bin\server\jvm.dll
0x00007ffde4bd0000 - 0x00007ffde4bd8000 	C:\WINDOWS\System32\PSAPI.DLL
0x00007ffde1a10000 - 0x00007ffde1a4a000 	C:\WINDOWS\SYSTEM32\IPHLPAPI.DLL
0x00007ffddf640000 - 0x00007ffddf664000 	C:\WINDOWS\SYSTEM32\WINMM.dll
0x00007ffdb7c10000 - 0x00007ffdb7cff000 	C:\WINDOWS\SYSTEM32\MSVCR120.dll
0x00007ffde1d60000 - 0x00007ffde1dc7000 	C:\WINDOWS\SYSTEM32\MSWSOCK.DLL
0x00007ffddf610000 - 0x00007ffddf63d000 	C:\WINDOWS\SYSTEM32\WINMMBASE.dll
0x00007ffda1880000 - 0x00007ffda3c42000 	D:\vivado\Vivado\2018.3\lib\win64.o\librdi_tcltasks.dll
0x00007ffdb2180000 - 0x00007ffdb22fe000 	D:\vivado\Vivado\2018.3\lib\win64.o\librdi_board.dll
0x00007ffdc0a70000 - 0x00007ffdc0ada000 	D:\vivado\Vivado\2018.3\lib\win64.o\librdi_boarddep.dll
0x00007ffdb7210000 - 0x00007ffdb72ec000 	D:\vivado\Vivado\2018.3\lib\win64.o\librdi_chipscope.dll
0x00007ffda14a0000 - 0x00007ffda187c000 	D:\vivado\Vivado\2018.3\lib\win64.o\librdi_bitstream.dll
0x00007ffdb1360000 - 0x00007ffdb1519000 	D:\vivado\Vivado\2018.3\lib\win64.o\librdi_chipscopeimpl.dll
0x00007ffdaf720000 - 0x00007ffdaf868000 	D:\vivado\Vivado\2018.3\lib\win64.o\librdi_containers.dll
0x00007ffda0dc0000 - 0x00007ffda149a000 	D:\vivado\Vivado\2018.3\lib\win64.o\librdi_coregenipxact.dll
0x00007ffda0aa0000 - 0x00007ffda0dbb000 	D:\vivado\Vivado\2018.3\lib\win64.o\librdi_dlyest.dll
0x00007ffda0540000 - 0x00007ffda0aa0000 	D:\vivado\Vivado\2018.3\lib\win64.o\librdi_drc.dll
0x00007ffdb3060000 - 0x00007ffdb3122000 	D:\vivado\Vivado\2018.3\lib\win64.o\librdi_dsp.dll
0x00007ffd9ff00000 - 0x00007ffda053f000 	D:\vivado\Vivado\2018.3\lib\win64.o\librdi_filemgmt.dll
0x00007ffda82e0000 - 0x00007ffda85ba000 	D:\vivado\Vivado\2018.3\lib\win64.o\librdi_guitools.dll
0x00007ffdbd520000 - 0x00007ffdbd57d000 	D:\vivado\Vivado\2018.3\lib\win64.o\librdi_hdf.dll
0x00007ffd9e5f0000 - 0x00007ffd9fef5000 	D:\vivado\Vivado\2018.3\lib\win64.o\librdi_constraints.dll
0x00007ffd9dfd0000 - 0x00007ffd9e5e5000 	D:\vivado\Vivado\2018.3\lib\win64.o\librdi_memdata.dll
0x00007ffdba720000 - 0x00007ffdba791000 	D:\vivado\Vivado\2018.3\lib\win64.o\librdi_memoryarray.dll
0x00007ffd9c1b0000 - 0x00007ffd9dfcf000 	D:\vivado\Vivado\2018.3\lib\win64.o\librdi_coregen.dll
0x00007ffd9bb70000 - 0x00007ffd9c1ab000 	D:\vivado\Vivado\2018.3\lib\win64.o\librdi_netlist.dll
0x00007ffdbdde0000 - 0x00007ffdbde30000 	D:\vivado\Vivado\2018.3\lib\win64.o\librdi_pfi.dll
0x00007ffd8ae10000 - 0x00007ffd9bb62000 	D:\vivado\Vivado\2018.3\lib\win64.o\librdi_device.dll
0x00007ffd8ab00000 - 0x00007ffd8ae07000 	D:\vivado\Vivado\2018.3\lib\win64.o\librdi_platform.dll
0x00007ffd8a400000 - 0x00007ffd8aaf5000 	D:\vivado\Vivado\2018.3\lib\win64.o\librdi_power.dll
0x00007ffd89ea0000 - 0x00007ffd8a3f6000 	D:\vivado\Vivado\2018.3\lib\win64.o\librdi_project.dll
0x00007ffd897a0000 - 0x00007ffd89e93000 	D:\vivado\Vivado\2018.3\lib\win64.o\librdi_psta.dll
0x00007ffd890c0000 - 0x00007ffd89799000 	D:\vivado\Vivado\2018.3\lib\win64.o\librdi_rsb.dll
0x00007ffd88ce0000 - 0x00007ffd890b7000 	D:\vivado\Vivado\2018.3\lib\win64.o\librdi_runs.dll
0x00007ffdb1610000 - 0x00007ffdb16e8000 	D:\vivado\Vivado\2018.3\lib\win64.o\librdi_runsbase.dll
0x00007ffda8e40000 - 0x00007ffda9068000 	D:\vivado\Vivado\2018.3\lib\win64.o\librdi_simdata.dll
0x00007ffd87940000 - 0x00007ffd88cd1000 	D:\vivado\Vivado\2018.3\lib\win64.o\librdi_implflow.dll
0x00007ffdadd30000 - 0x00007ffdade84000 	D:\vivado\Vivado\2018.3\lib\win64.o\librdi_advchipscopeimpl.dll
0x00007ffd83b40000 - 0x00007ffd8793b000 	D:\vivado\Vivado\2018.3\lib\win64.o\librdi_designutils.dll
0x00007ffdbb8b0000 - 0x00007ffdbb8fc000 	D:\vivado\Vivado\2018.3\lib\win64.o\libboost_serialization.dll
0x00007ffdb0f90000 - 0x00007ffdb102e000 	D:\vivado\Vivado\2018.3\lib\win64.o\libise.dll
0x00007ffd80190000 - 0x00007ffd83b3c000 	D:\vivado\Vivado\2018.3\lib\win64.o\librdi_mig.dll
0x00007ffd7fba0000 - 0x00007ffd80184000 	D:\vivado\Vivado\2018.3\lib\win64.o\librdi_wavedata.dll
0x00007ffdba490000 - 0x00007ffdba4d9000 	D:\vivado\Vivado\2018.3\lib\win64.o\librdi_wavedata_SimpleApi.dll
0x00007ffd7ee10000 - 0x00007ffd7fb9d000 	D:\vivado\Vivado\2018.3\lib\win64.o\librdi_timing.dll
0x00007ffdaf450000 - 0x00007ffdaf508000 	D:\vivado\Vivado\2018.3\lib\win64.o\librdi_hip_devdesign.dll
0x00007ffdadc80000 - 0x00007ffdadd2b000 	D:\vivado\Vivado\2018.3\lib\win64.o\librdi_ipconfig_readwrite.dll
0x00007ffdbe400000 - 0x00007ffdbe438000 	D:\vivado\Vivado\2018.3\lib\win64.o\librdi_noc_frameworks.dll
0x00007ffdb92d0000 - 0x00007ffdb9358000 	D:\vivado\Vivado\2018.3\lib\win64.o\librdi_meir_core.dll

VM Arguments:
jvm_args: -Dsun.java2d.pmoffscreen=false -Dsun.java2d.xrender=false -Dsun.java2d.d3d=false -Dsun.awt.nopixfmt=true -Dsun.java2d.dpiaware=true -Dsun.java2d.uiScale.enabled=false -Xverify:none -Dswing.aatext=true -XX:-UsePerfData -Djdk.map.althashing.threshold=512 -XX:StringTableSize=4072 --add-opens=java.base/java.nio=ALL-UNNAMED --add-opens=java.desktop/sun.swing=ALL-UNNAMED --add-opens=java.desktop/javax.swing=ALL-UNNAMED --add-opens=java.desktop/javax.swing.tree=ALL-UNNAMED --add-opens=java.desktop/javax.swing.plaf.basic=ALL-UNNAMED --add-opens=java.desktop/javax.swing.plaf.synth=ALL-UNNAMED --add-opens=java.desktop/com.sun.awt=ALL-UNNAMED -XX:NewSize=60m -XX:MaxNewSize=60m -Xms128m -Xmx3072m -Xss5m 
java_command: <unknown>
java_class_path (initial): D:/vivado/Vivado/2018.3\lib\classes\alloy.jar;D:/vivado/Vivado/2018.3\lib\classes\autopilot.scelaborator.jar;D:/vivado/Vivado/2018.3\lib\classes\autopilot.sourceprocessor.jar;D:/vivado/Vivado/2018.3\lib\classes\autopilot.tbprocessor.jar;D:/vivado/Vivado/2018.3\lib\classes\batik-anim.jar;D:/vivado/Vivado/2018.3\lib\classes\batik-awt-util.jar;D:/vivado/Vivado/2018.3\lib\classes\batik-bridge.jar;D:/vivado/Vivado/2018.3\lib\classes\batik-codec.jar;D:/vivado/Vivado/2018.3\lib\classes\batik-css.jar;D:/vivado/Vivado/2018.3\lib\classes\batik-dom.jar;D:/vivado/Vivado/2018.3\lib\classes\batik-ext.jar;D:/vivado/Vivado/2018.3\lib\classes\batik-gui-util.jar;D:/vivado/Vivado/2018.3\lib\classes\batik-gvt.jar;D:/vivado/Vivado/2018.3\lib\classes\batik-parser.jar;D:/vivado/Vivado/2018.3\lib\classes\batik-script.jar;D:/vivado/Vivado/2018.3\lib\classes\batik-svg-dom.jar;D:/vivado/Vivado/2018.3\lib\classes\batik-swing.jar;D:/vivado/Vivado/2018.3\lib\classes\batik-transcoder.jar;D:/vivado/Vivado/2018.3\lib\classes\batik-util.jar;D:/vivado/Vivado/2018.3\lib\classes\batik-xml.jar;D:/vivado/Vivado/2018.3\lib\classes\com.ibm.icu_4.4.2.v20110208.jar;D:/vivado/Vivado/2018.3\lib\classes\commons-collections4-4.1.jar;D:/vivado/Vivado/2018.3\lib\classes\commons-math-2.2.jar;D:/vivado/Vivado/2018.3\lib\classes\dom4j-1.6.1.jar;D:/vivado/Vivado/2018.3\lib\classes\guava-18.0.jar;D:/vivado/Vivado/2018.3\lib\classes\help.jar;D:/vivado/Vivado/2018.3\lib\classes\hsqldb.jar;D:/vivado/Vivado/2018.3\lib\classes\jargs.jar;D:/vivado/Vivado/2018.3\lib\classes\jaxb-api-2.3.0.jar;D:/vivado/Vivado/2018.3\lib\classes\jh.jar;D:/vivado/Vivado/2018.3\lib\classes\jide-action.jar;D:/vivado/Vivado/2018.3\lib\classes\jide-charts.jar;D:/vivado/Vivado/2018.3\lib\classes\jide-common.jar;D:/vivado/Vivado/2018.3\lib\classes\jide-components.jar;D:/vivado/Vivado/2018.3\lib\classes\jide-dashboard.jar;D:/vivado/Vivado/2018.3\lib\classes\jide-data.jar;D:/vivado/Vivado/2018.3\lib\classes\jide-dialogs.jar
Launcher Type: generic

Logging:
Log output configuration:
#0: stdout all=warning uptime,level,tags
#1: stderr all=off uptime,level,tags

Environment Variables:
PATH=D:/vivado/Vivado/2018.3/bin;D:/vivado/Vivado/2018.3/lib/win64.o;D:/vivado/Vivado/2018.3/tps/win64/jre9.0.4/bin/server;D:/vivado/Vivado/2018.3/tps/win64/jre9.0.4/bin;D:/vivado/SDK/2018.3/bin;D:/vivado/Vivado/2018.3/ids_lite/ISE/bin/nt64;D:/vivado/Vivado/2018.3/ids_lite/ISE/lib/nt64;C:\Windows\system32;C:\Windows;C:\Windows\System32\Wbem;C:\Windows\System32\WindowsPowerShell\v1.0\;C:\Windows\System32\OpenSSH\;C:\Program Files (x86)\NVIDIA Corporation\PhysX\Common;C:\Program Files\MATLAB\R2019a\bin;C:\Program Files (x86)\IVI Foundation\VISA\WinNT\Bin\;C:\Program Files\IVI Foundation\VISA\Win64\Bin\;C:\Program Files\Git\cmd;C:\Users\Ó¦ÓîÌÎ\AppData\Local\Microsoft\WindowsApps;C:\Users\Ó¦ÓîÌÎ\AppData\Local\GitHubDesktop\bin;D:/vivado/Vivado/2018.3\tps\mingw\6.2.0\win64.o\nt\bin;D:/vivado/Vivado/2018.3\tps\mingw\6.2.0\win64.o\nt\libexec\gcc\x86_64-w64-mingw32\6.2.0
USERNAME=Ó¦ÓîÌÎ
OS=Windows_NT
PROCESSOR_IDENTIFIER=Intel64 Family 6 Model 158 Stepping 9, GenuineIntel



---------------  S Y S T E M  ---------------

OS: Windows 10 , 64 bit Build 18362 (10.0.18362.959)

CPU:total 8 (initial active 8) (4 cores per cpu, 2 threads per core) family 6 model 158 stepping 9, cmov, cx8, fxsr, mmx, sse, sse2, sse3, ssse3, sse4.1, sse4.2, popcnt, avx, avx2, aes, clmul, erms, 3dnowpref, lzcnt, ht, tsc, tscinvbit, bmi1, bmi2, adx, fma

Memory: 4k page, physical 8269148k(3609612k free), swap 13774172k(5116024k free)

vm_info: Java HotSpot(TM) 64-Bit Server VM (9.0.4+11) for windows-amd64 JRE (9.0.4+11), built on Dec 20 2017 02:18:54 by "mach5one" with MS VC++ 12.0 (VS2013)

END.
