#-----------------------------------------------------------
# Vivado v2018.3 (64-bit)
# SW Build 2405991 on Thu Dec  6 23:38:27 MST 2018
# IP Build 2404404 on Fri Dec  7 01:43:56 MST 2018
# Start of session at: Thu Jul 30 22:37:38 2020
# Process ID: 15828
# Current directory: C:/project_13
# Command line: vivado.exe -gui_launcher_event rodinguilauncherevent20452 C:\project_13\project_13.xpr
# Log file: C:/project_13/vivado.log
# Journal file: C:/project_13\vivado.jou
#-----------------------------------------------------------
start_gui
open_project C:/project_13/project_13.xpr
Scanning sources...
Finished scanning sources
INFO: [IP_Flow 19-234] Refreshing IP repositories
INFO: [IP_Flow 19-1700] Loaded user IP repository 'd:/vivado/fenpinqi final'.
INFO: [IP_Flow 19-1700] Loaded user IP repository 'c:/Users/”¶”ÓÃŒ/Desktop/SEA-Tutorial/IP_Core/RGB2DVI_IP'.
INFO: [IP_Flow 19-2313] Loaded Vivado IP repository 'D:/vivado/Vivado/2018.3/data/ip'.
open_project: Time (s): cpu = 00:00:30 ; elapsed = 00:00:26 . Memory (MB): peak = 814.141 ; gain = 227.273
update_compile_order -fileset sources_1
exit
INFO: [Common 17-206] Exiting Vivado at Thu Jul 30 22:46:23 2020...
