#-----------------------------------------------------------
# Vivado v2018.3 (64-bit)
# SW Build 2405991 on Thu Dec  6 23:38:27 MST 2018
# IP Build 2404404 on Fri Dec  7 01:43:56 MST 2018
# Start of session at: Mon Jul 27 20:05:47 2020
# Process ID: 18484
# Current directory: C:/Users/”¶”ÓÃŒ/Desktop/project_13
# Command line: vivado.exe -gui_launcher_event rodinguilauncherevent16644 C:\Users\”¶”ÓÃŒ\Desktop\project_13\project_13.xpr
# Log file: C:/Users/”¶”ÓÃŒ/Desktop/project_13/vivado.log
# Journal file: C:/Users/”¶”ÓÃŒ/Desktop/project_13\vivado.jou
#-----------------------------------------------------------
start_gui
open_project C:/Users/”¶”ÓÃŒ/Desktop/project_13/project_13.xpr
INFO: [Project 1-313] Project file moved from 'D:/vivado/project_13' since last save.
Scanning sources...
Finished scanning sources
INFO: [filemgmt 56-1] IP Repository Path: Directory not found as 'C:/Users/”¶”ÓÃŒ/Desktop/fenpinqi final'; using path 'D:/vivado/fenpinqi final' instead.
INFO: [IP_Flow 19-234] Refreshing IP repositories
INFO: [IP_Flow 19-1700] Loaded user IP repository 'd:/vivado/fenpinqi final'.
INFO: [IP_Flow 19-1700] Loaded user IP repository 'c:/Users/”¶”ÓÃŒ/Desktop/SEA-Tutorial/IP_Core/RGB2DVI_IP'.
INFO: [IP_Flow 19-2313] Loaded Vivado IP repository 'D:/vivado/Vivado/2018.3/data/ip'.
open_project: Time (s): cpu = 00:00:26 ; elapsed = 00:00:12 . Memory (MB): peak = 816.895 ; gain = 197.223
update_compile_order -fileset sources_1
file mkdir C:/Users/”¶”ÓÃŒ/Desktop/project_13/project_13.srcs/sim_1/new
set_property SOURCE_SET sources_1 [get_filesets sim_1]
close [ open C:/Users/”¶”ÓÃŒ/Desktop/project_13/project_13.srcs/sim_1/new/TB.v w ]
add_files -fileset sim_1 C:/Users/”¶”ÓÃŒ/Desktop/project_13/project_13.srcs/sim_1/new/TB.v
update_compile_order -fileset sim_1
close [ open C:/Users/”¶”ÓÃŒ/Desktop/project_13/project_13.srcs/sources_1/new/Driver_DAC.v w ]
add_files C:/Users/”¶”ÓÃŒ/Desktop/project_13/project_13.srcs/sources_1/new/Driver_DAC.v
update_compile_order -fileset sources_1
close [ open C:/Users/”¶”ÓÃŒ/Desktop/project_13/project_13.srcs/sources_1/new/DDS_Addr_Generator.v w ]
add_files C:/Users/”¶”ÓÃŒ/Desktop/project_13/project_13.srcs/sources_1/new/DDS_Addr_Generator.v
update_compile_order -fileset sources_1
INFO: [Device 21-403] Loading part xc7s15ftgb196-1
WARNING: [IP_Flow 19-4067] Ignoring invalid widget type specified checkbox.Providing a default widget
WARNING: [IP_Flow 19-4067] Ignoring invalid widget type specified checkbox.Providing a default widget
exit
INFO: [Common 17-206] Exiting Vivado at Mon Jul 27 20:13:17 2020...
