#-----------------------------------------------------------
# Vivado v2018.3 (64-bit)
# SW Build 2405991 on Thu Dec  6 23:38:27 MST 2018
# IP Build 2404404 on Fri Dec  7 01:43:56 MST 2018
# Start of session at: Mon Jul 27 20:04:05 2020
# Process ID: 14784
# Current directory: D:/vivado/project_13
# Command line: vivado.exe -gui_launcher_event rodinguilauncherevent17104 D:\vivado\project_13\project_13.xpr
# Log file: D:/vivado/project_13/vivado.log
# Journal file: D:/vivado/project_13\vivado.jou
#-----------------------------------------------------------
start_gui
open_project D:/vivado/project_13/project_13.xpr
Scanning sources...
Finished scanning sources
INFO: [IP_Flow 19-234] Refreshing IP repositories
INFO: [IP_Flow 19-1700] Loaded user IP repository 'd:/vivado/fenpinqi final'.
INFO: [IP_Flow 19-1700] Loaded user IP repository 'c:/Users/”¶”ÓÃŒ/Desktop/SEA-Tutorial/IP_Core/RGB2DVI_IP'.
INFO: [IP_Flow 19-2313] Loaded Vivado IP repository 'D:/vivado/Vivado/2018.3/data/ip'.
open_project: Time (s): cpu = 00:00:28 ; elapsed = 00:00:19 . Memory (MB): peak = 821.301 ; gain = 233.121
